<?xml version="1.0" encoding="UTF-8"?>
<testsuites>
  <testsuite name="/app/phpunit-ci.xml" tests="72" assertions="248" errors="0" failures="0" skipped="0" time="2.541930">
    <testsuite name="Unit" tests="71" assertions="246" errors="0" failures="0" skipped="0" time="2.379905">
      <testsuite name="Tests\Unit\Playground\Make\Configuration\Configuration\InstanceTest" file="/app/tests/Unit/Configuration/Configuration/InstanceTest.php" tests="2" assertions="5" errors="0" failures="0" skipped="0" time="0.252289">
        <testcase name="test_instance" file="/app/tests/Unit/Configuration/Configuration/InstanceTest.php" line="22" class="Tests\Unit\Playground\Make\Configuration\Configuration\InstanceTest" classname="Tests.Unit.Playground.Make.Configuration.Configuration.InstanceTest" assertions="1" time="0.227816"/>
        <testcase name="test_instance_apply_without_options" file="/app/tests/Unit/Configuration/Configuration/InstanceTest.php" line="34" class="Tests\Unit\Playground\Make\Configuration\Configuration\InstanceTest" classname="Tests.Unit.Playground.Make.Configuration.Configuration.InstanceTest" assertions="4" time="0.024473"/>
      </testsuite>
      <testsuite name="Tests\Unit\Playground\Make\Configuration\Configuration\PropertiesTest" file="/app/tests/Unit/Configuration/Configuration/PropertiesTest.php" tests="3" assertions="12" errors="0" failures="0" skipped="0" time="0.067346">
        <testcase name="test_properties" file="/app/tests/Unit/Configuration/Configuration/PropertiesTest.php" line="27" class="Tests\Unit\Playground\Make\Configuration\Configuration\PropertiesTest" classname="Tests.Unit.Playground.Make.Configuration.Configuration.PropertiesTest" assertions="5" time="0.021781"/>
        <testcase name="test_properties_with_all_options_without_apply" file="/app/tests/Unit/Configuration/Configuration/PropertiesTest.php" line="46" class="Tests\Unit\Playground\Make\Configuration\Configuration\PropertiesTest" classname="Tests.Unit.Playground.Make.Configuration.Configuration.PropertiesTest" assertions="3" time="0.023336"/>
        <testcase name="test_properties_with_all_options_with_apply" file="/app/tests/Unit/Configuration/Configuration/PropertiesTest.php" line="64" class="Tests\Unit\Playground\Make\Configuration\Configuration\PropertiesTest" classname="Tests.Unit.Playground.Make.Configuration.Configuration.PropertiesTest" assertions="4" time="0.022228"/>
      </testsuite>
      <testsuite name="Tests\Unit\Playground\Make\Configuration\Model\AttributesTest" file="/app/tests/Unit/Configuration/Model/AttributesTest.php" tests="6" assertions="19" errors="0" failures="0" skipped="0" time="0.424198">
        <testcase name="test_addModelProperties_with_empty_options" file="/app/tests/Unit/Configuration/Model/AttributesTest.php" line="22" class="Tests\Unit\Playground\Make\Configuration\Model\AttributesTest" classname="Tests.Unit.Playground.Make.Configuration.Model.AttributesTest" assertions="4" time="0.228791"/>
        <testcase name="test_addAttribute_with_invalid_column" file="/app/tests/Unit/Configuration/Model/AttributesTest.php" line="37" class="Tests\Unit\Playground\Make\Configuration\Model\AttributesTest" classname="Tests.Unit.Playground.Make.Configuration.Model.AttributesTest" assertions="3" time="0.100812"/>
        <testcase name="test_addAttribute_with_invalid_default_value_of_array" file="/app/tests/Unit/Configuration/Model/AttributesTest.php" line="57" class="Tests\Unit\Playground\Make\Configuration\Model\AttributesTest" classname="Tests.Unit.Playground.Make.Configuration.Model.AttributesTest" assertions="3" time="0.022920"/>
        <testcase name="test_addCast_with_invalid_column_and_set_empty_string" file="/app/tests/Unit/Configuration/Model/AttributesTest.php" line="75" class="Tests\Unit\Playground\Make\Configuration\Model\AttributesTest" classname="Tests.Unit.Playground.Make.Configuration.Model.AttributesTest" assertions="3" time="0.023606"/>
        <testcase name="test_addCast_with_invalid_cast_value_and_treat_as_string" file="/app/tests/Unit/Configuration/Model/AttributesTest.php" line="95" class="Tests\Unit\Playground\Make\Configuration\Model\AttributesTest" classname="Tests.Unit.Playground.Make.Configuration.Model.AttributesTest" assertions="3" time="0.023494"/>
        <testcase name="test_addFillable_with_invalid_column" file="/app/tests/Unit/Configuration/Model/AttributesTest.php" line="112" class="Tests\Unit\Playground\Make\Configuration\Model\AttributesTest" classname="Tests.Unit.Playground.Make.Configuration.Model.AttributesTest" assertions="3" time="0.024576"/>
      </testsuite>
      <testsuite name="Tests\Unit\Playground\Make\Configuration\Model\Create\InstanceTest" file="/app/tests/Unit/Configuration/Model/Create/InstanceTest.php" tests="3" assertions="8" errors="0" failures="0" skipped="0" time="0.100022">
        <testcase name="test_instance" file="/app/tests/Unit/Configuration/Model/Create/InstanceTest.php" line="21" class="Tests\Unit\Playground\Make\Configuration\Model\Create\InstanceTest" classname="Tests.Unit.Playground.Make.Configuration.Model.Create.InstanceTest" assertions="1" time="0.053666"/>
        <testcase name="test_model_with_file_jsonSerialize" file="/app/tests/Unit/Configuration/Model/Create/InstanceTest.php" line="43" class="Tests\Unit\Playground\Make\Configuration\Model\Create\InstanceTest" classname="Tests.Unit.Playground.Make.Configuration.Model.Create.InstanceTest" assertions="4" time="0.022388"/>
        <testcase name="test_setOptions_unsupported_primary_and_log_message" file="/app/tests/Unit/Configuration/Model/Create/InstanceTest.php" line="74" class="Tests\Unit\Playground\Make\Configuration\Model\Create\InstanceTest" classname="Tests.Unit.Playground.Make.Configuration.Model.Create.InstanceTest" assertions="3" time="0.023968"/>
      </testsuite>
      <testsuite name="Tests\Unit\Playground\Make\Configuration\Model\CreateColumn\InstanceTest" file="/app/tests/Unit/Configuration/Model/CreateColumn/InstanceTest.php" tests="12" assertions="32" errors="0" failures="0" skipped="0" time="0.396465">
        <testcase name="test_instance" file="/app/tests/Unit/Configuration/Model/CreateColumn/InstanceTest.php" line="21" class="Tests\Unit\Playground\Make\Configuration\Model\CreateColumn\InstanceTest" classname="Tests.Unit.Playground.Make.Configuration.Model.CreateColumn.InstanceTest" assertions="1" time="0.090546"/>
        <testcase name="test_model_with_file" file="/app/tests/Unit/Configuration/Model/CreateColumn/InstanceTest.php" line="48" class="Tests\Unit\Playground\Make\Configuration\Model\CreateColumn\InstanceTest" classname="Tests.Unit.Playground.Make.Configuration.Model.CreateColumn.InstanceTest" assertions="1" time="0.062817"/>
        <testcase name="test_setOptions_unsupported_primary_and_ignore" file="/app/tests/Unit/Configuration/Model/CreateColumn/InstanceTest.php" line="59" class="Tests\Unit\Playground\Make\Configuration\Model\CreateColumn\InstanceTest" classname="Tests.Unit.Playground.Make.Configuration.Model.CreateColumn.InstanceTest" assertions="3" time="0.022792"/>
        <testcase name="test_addId_with_empty_column" file="/app/tests/Unit/Configuration/Model/CreateColumn/InstanceTest.php" line="91" class="Tests\Unit\Playground\Make\Configuration\Model\CreateColumn\InstanceTest" classname="Tests.Unit.Playground.Make.Configuration.Model.CreateColumn.InstanceTest" assertions="3" time="0.022923"/>
        <testcase name="test_addUnique_with_empty_column" file="/app/tests/Unit/Configuration/Model/CreateColumn/InstanceTest.php" line="107" class="Tests\Unit\Playground\Make\Configuration\Model\CreateColumn\InstanceTest" classname="Tests.Unit.Playground.Make.Configuration.Model.CreateColumn.InstanceTest" assertions="3" time="0.023226"/>
        <testcase name="test_addDate_with_empty_column" file="/app/tests/Unit/Configuration/Model/CreateColumn/InstanceTest.php" line="123" class="Tests\Unit\Playground\Make\Configuration\Model\CreateColumn\InstanceTest" classname="Tests.Unit.Playground.Make.Configuration.Model.CreateColumn.InstanceTest" assertions="3" time="0.025438"/>
        <testcase name="test_addFlag_with_empty_column" file="/app/tests/Unit/Configuration/Model/CreateColumn/InstanceTest.php" line="139" class="Tests\Unit\Playground\Make\Configuration\Model\CreateColumn\InstanceTest" classname="Tests.Unit.Playground.Make.Configuration.Model.CreateColumn.InstanceTest" assertions="3" time="0.023714"/>
        <testcase name="test_addColumn_with_empty_column" file="/app/tests/Unit/Configuration/Model/CreateColumn/InstanceTest.php" line="155" class="Tests\Unit\Playground\Make\Configuration\Model\CreateColumn\InstanceTest" classname="Tests.Unit.Playground.Make.Configuration.Model.CreateColumn.InstanceTest" assertions="3" time="0.023944"/>
        <testcase name="test_addPermission_with_empty_column" file="/app/tests/Unit/Configuration/Model/CreateColumn/InstanceTest.php" line="171" class="Tests\Unit\Playground\Make\Configuration\Model\CreateColumn\InstanceTest" classname="Tests.Unit.Playground.Make.Configuration.Model.CreateColumn.InstanceTest" assertions="3" time="0.024056"/>
        <testcase name="test_addStatus_with_empty_column" file="/app/tests/Unit/Configuration/Model/CreateColumn/InstanceTest.php" line="187" class="Tests\Unit\Playground\Make\Configuration\Model\CreateColumn\InstanceTest" classname="Tests.Unit.Playground.Make.Configuration.Model.CreateColumn.InstanceTest" assertions="3" time="0.027472"/>
        <testcase name="test_addUi_with_empty_column" file="/app/tests/Unit/Configuration/Model/CreateColumn/InstanceTest.php" line="203" class="Tests\Unit\Playground\Make\Configuration\Model\CreateColumn\InstanceTest" classname="Tests.Unit.Playground.Make.Configuration.Model.CreateColumn.InstanceTest" assertions="3" time="0.024781"/>
        <testcase name="test_addJson_with_empty_column" file="/app/tests/Unit/Configuration/Model/CreateColumn/InstanceTest.php" line="219" class="Tests\Unit\Playground\Make\Configuration\Model\CreateColumn\InstanceTest" classname="Tests.Unit.Playground.Make.Configuration.Model.CreateColumn.InstanceTest" assertions="3" time="0.024755"/>
      </testsuite>
      <testsuite name="Tests\Unit\Playground\Make\Configuration\Model\Filter\InstanceTest" file="/app/tests/Unit/Configuration/Model/Filter/InstanceTest.php" tests="2" assertions="2" errors="0" failures="0" skipped="0" time="0.055988">
        <testcase name="test_instance" file="/app/tests/Unit/Configuration/Model/Filter/InstanceTest.php" line="19" class="Tests\Unit\Playground\Make\Configuration\Model\Filter\InstanceTest" classname="Tests.Unit.Playground.Make.Configuration.Model.Filter.InstanceTest" assertions="1" time="0.034207"/>
        <testcase name="test_instance_apply_without_options" file="/app/tests/Unit/Configuration/Model/Filter/InstanceTest.php" line="26" class="Tests\Unit\Playground\Make\Configuration\Model\Filter\InstanceTest" classname="Tests.Unit.Playground.Make.Configuration.Model.Filter.InstanceTest" assertions="1" time="0.021781"/>
      </testsuite>
      <testsuite name="Tests\Unit\Playground\Make\Configuration\Model\Filters\InstanceTest" file="/app/tests/Unit/Configuration/Model/Filters/InstanceTest.php" tests="13" assertions="37" errors="0" failures="0" skipped="0" time="0.318929">
        <testcase name="test_instance" file="/app/tests/Unit/Configuration/Model/Filters/InstanceTest.php" line="20" class="Tests\Unit\Playground\Make\Configuration\Model\Filters\InstanceTest" classname="Tests.Unit.Playground.Make.Configuration.Model.Filters.InstanceTest" assertions="1" time="0.021672"/>
        <testcase name="test_instance_apply_without_options" file="/app/tests/Unit/Configuration/Model/Filters/InstanceTest.php" line="48" class="Tests\Unit\Playground\Make\Configuration\Model\Filters\InstanceTest" classname="Tests.Unit.Playground.Make.Configuration.Model.Filters.InstanceTest" assertions="4" time="0.022077"/>
        <testcase name="test_model_with_file" file="/app/tests/Unit/Configuration/Model/Filters/InstanceTest.php" line="65" class="Tests\Unit\Playground\Make\Configuration\Model\Filters\InstanceTest" classname="Tests.Unit.Playground.Make.Configuration.Model.Filters.InstanceTest" assertions="4" time="0.026085"/>
        <testcase name="test_setOptions_with_builder_in_options" file="/app/tests/Unit/Configuration/Model/Filters/InstanceTest.php" line="92" class="Tests\Unit\Playground\Make\Configuration\Model\Filters\InstanceTest" classname="Tests.Unit.Playground.Make.Configuration.Model.Filters.InstanceTest" assertions="1" time="0.022693"/>
        <testcase name="test_addId_with_empty_meta" file="/app/tests/Unit/Configuration/Model/Filters/InstanceTest.php" line="101" class="Tests\Unit\Playground\Make\Configuration\Model\Filters\InstanceTest" classname="Tests.Unit.Playground.Make.Configuration.Model.Filters.InstanceTest" assertions="3" time="0.024786"/>
        <testcase name="test_addDate_with_empty_meta" file="/app/tests/Unit/Configuration/Model/Filters/InstanceTest.php" line="117" class="Tests\Unit\Playground\Make\Configuration\Model\Filters\InstanceTest" classname="Tests.Unit.Playground.Make.Configuration.Model.Filters.InstanceTest" assertions="3" time="0.023683"/>
        <testcase name="test_addFlag_with_empty_meta" file="/app/tests/Unit/Configuration/Model/Filters/InstanceTest.php" line="133" class="Tests\Unit\Playground\Make\Configuration\Model\Filters\InstanceTest" classname="Tests.Unit.Playground.Make.Configuration.Model.Filters.InstanceTest" assertions="3" time="0.023999"/>
        <testcase name="test_handleTrash_with_empty_meta" file="/app/tests/Unit/Configuration/Model/Filters/InstanceTest.php" line="149" class="Tests\Unit\Playground\Make\Configuration\Model\Filters\InstanceTest" classname="Tests.Unit.Playground.Make.Configuration.Model.Filters.InstanceTest" assertions="3" time="0.024127"/>
        <testcase name="test_addColumn_with_empty_meta" file="/app/tests/Unit/Configuration/Model/Filters/InstanceTest.php" line="162" class="Tests\Unit\Playground\Make\Configuration\Model\Filters\InstanceTest" classname="Tests.Unit.Playground.Make.Configuration.Model.Filters.InstanceTest" assertions="3" time="0.026232"/>
        <testcase name="test_addPermission_with_empty_meta" file="/app/tests/Unit/Configuration/Model/Filters/InstanceTest.php" line="178" class="Tests\Unit\Playground\Make\Configuration\Model\Filters\InstanceTest" classname="Tests.Unit.Playground.Make.Configuration.Model.Filters.InstanceTest" assertions="3" time="0.024702"/>
        <testcase name="test_addStatus_with_empty_meta" file="/app/tests/Unit/Configuration/Model/Filters/InstanceTest.php" line="194" class="Tests\Unit\Playground\Make\Configuration\Model\Filters\InstanceTest" classname="Tests.Unit.Playground.Make.Configuration.Model.Filters.InstanceTest" assertions="3" time="0.024736"/>
        <testcase name="test_addUi_with_empty_meta" file="/app/tests/Unit/Configuration/Model/Filters/InstanceTest.php" line="210" class="Tests\Unit\Playground\Make\Configuration\Model\Filters\InstanceTest" classname="Tests.Unit.Playground.Make.Configuration.Model.Filters.InstanceTest" assertions="3" time="0.025103"/>
        <testcase name="test_addJson_with_empty_meta" file="/app/tests/Unit/Configuration/Model/Filters/InstanceTest.php" line="226" class="Tests\Unit\Playground\Make\Configuration\Model\Filters\InstanceTest" classname="Tests.Unit.Playground.Make.Configuration.Model.Filters.InstanceTest" assertions="3" time="0.029034"/>
      </testsuite>
      <testsuite name="Tests\Unit\Playground\Make\Configuration\Model\InstanceTest" file="/app/tests/Unit/Configuration/Model/InstanceTest.php" tests="4" assertions="28" errors="0" failures="0" skipped="0" time="0.165530">
        <testcase name="test_instance" file="/app/tests/Unit/Configuration/Model/InstanceTest.php" line="36" class="Tests\Unit\Playground\Make\Configuration\Model\InstanceTest" classname="Tests.Unit.Playground.Make.Configuration.Model.InstanceTest" assertions="1" time="0.062560"/>
        <testcase name="test_instance_apply_without_options" file="/app/tests/Unit/Configuration/Model/InstanceTest.php" line="102" class="Tests\Unit\Playground\Make\Configuration\Model\InstanceTest" classname="Tests.Unit.Playground.Make.Configuration.Model.InstanceTest" assertions="4" time="0.024298"/>
        <testcase name="test_folder_is_empty_by_default" file="/app/tests/Unit/Configuration/Model/InstanceTest.php" line="119" class="Tests\Unit\Playground\Make\Configuration\Model\InstanceTest" classname="Tests.Unit.Playground.Make.Configuration.Model.InstanceTest" assertions="3" time="0.028041"/>
        <testcase name="test_model_with_file_and_skeleton" file="/app/tests/Unit/Configuration/Model/InstanceTest.php" line="129" class="Tests\Unit\Playground\Make\Configuration\Model\InstanceTest" classname="Tests.Unit.Playground.Make.Configuration.Model.InstanceTest" assertions="20" time="0.050631"/>
      </testsuite>
      <testsuite name="Tests\Unit\Playground\Make\Configuration\Model\RelationshipsTest" file="/app/tests/Unit/Configuration/Model/RelationshipsTest.php" tests="4" assertions="12" errors="0" failures="0" skipped="0" time="0.093474">
        <testcase name="test_addRelationships_for_HasOne_with_invalid_accessor" file="/app/tests/Unit/Configuration/Model/RelationshipsTest.php" line="22" class="Tests\Unit\Playground\Make\Configuration\Model\RelationshipsTest" classname="Tests.Unit.Playground.Make.Configuration.Model.RelationshipsTest" assertions="3" time="0.023219"/>
        <testcase name="test_addRelationships_for_HasMany_with_invalid_accessor" file="/app/tests/Unit/Configuration/Model/RelationshipsTest.php" line="48" class="Tests\Unit\Playground\Make\Configuration\Model\RelationshipsTest" classname="Tests.Unit.Playground.Make.Configuration.Model.RelationshipsTest" assertions="3" time="0.023401"/>
        <testcase name="test_addHasOne_without_meta" file="/app/tests/Unit/Configuration/Model/RelationshipsTest.php" line="77" class="Tests\Unit\Playground\Make\Configuration\Model\RelationshipsTest" classname="Tests.Unit.Playground.Make.Configuration.Model.RelationshipsTest" assertions="3" time="0.023376"/>
        <testcase name="test_addHasMany_without_meta" file="/app/tests/Unit/Configuration/Model/RelationshipsTest.php" line="92" class="Tests\Unit\Playground\Make\Configuration\Model\RelationshipsTest" classname="Tests.Unit.Playground.Make.Configuration.Model.RelationshipsTest" assertions="3" time="0.023477"/>
      </testsuite>
      <testsuite name="Tests\Unit\Playground\Make\Configuration\Model\ScopesTest" file="/app/tests/Unit/Configuration/Model/ScopesTest.php" tests="4" assertions="15" errors="0" failures="0" skipped="0" time="0.095150">
        <testcase name="test_addScopes_with_sort" file="/app/tests/Unit/Configuration/Model/ScopesTest.php" line="24" class="Tests\Unit\Playground\Make\Configuration\Model\ScopesTest" classname="Tests.Unit.Playground.Make.Configuration.Model.ScopesTest" assertions="3" time="0.022470"/>
        <testcase name="test_addScope_with_invalid_scope" file="/app/tests/Unit/Configuration/Model/ScopesTest.php" line="47" class="Tests\Unit\Playground\Make\Configuration\Model\ScopesTest" classname="Tests.Unit.Playground.Make.Configuration.Model.ScopesTest" assertions="4" time="0.023094"/>
        <testcase name="test_addScope_for_sort_without_meta" file="/app/tests/Unit/Configuration/Model/ScopesTest.php" line="66" class="Tests\Unit\Playground\Make\Configuration\Model\ScopesTest" classname="Tests.Unit.Playground.Make.Configuration.Model.ScopesTest" assertions="3" time="0.023542"/>
        <testcase name="test_addScope_unsupported_scope_and_ignore" file="/app/tests/Unit/Configuration/Model/ScopesTest.php" line="81" class="Tests\Unit\Playground\Make\Configuration\Model\ScopesTest" classname="Tests.Unit.Playground.Make.Configuration.Model.ScopesTest" assertions="5" time="0.026044"/>
      </testsuite>
      <testsuite name="Tests\Unit\Playground\Make\Configuration\Model\SortingTest" file="/app/tests/Unit/Configuration/Model/SortingTest.php" tests="3" assertions="10" errors="0" failures="0" skipped="0" time="0.071183">
        <testcase name="test_addSortable_without_column" file="/app/tests/Unit/Configuration/Model/SortingTest.php" line="22" class="Tests\Unit\Playground\Make\Configuration\Model\SortingTest" classname="Tests.Unit.Playground.Make.Configuration.Model.SortingTest" assertions="4" time="0.023217"/>
        <testcase name="test_addSortable_with_index" file="/app/tests/Unit/Configuration/Model/SortingTest.php" line="41" class="Tests\Unit\Playground\Make\Configuration\Model\SortingTest" classname="Tests.Unit.Playground.Make.Configuration.Model.SortingTest" assertions="3" time="0.023002"/>
        <testcase name="test_addSortable_without_index" file="/app/tests/Unit/Configuration/Model/SortingTest.php" line="58" class="Tests\Unit\Playground\Make\Configuration\Model\SortingTest" classname="Tests.Unit.Playground.Make.Configuration.Model.SortingTest" assertions="3" time="0.024964"/>
      </testsuite>
      <testsuite name="Tests\Unit\Playground\Make\Configuration\PrimaryConfiguration\InstanceTest" file="/app/tests/Unit/Configuration/PrimaryConfiguration/InstanceTest.php" tests="5" assertions="15" errors="0" failures="0" skipped="0" time="0.111511">
        <testcase name="test_instance" file="/app/tests/Unit/Configuration/PrimaryConfiguration/InstanceTest.php" line="22" class="Tests\Unit\Playground\Make\Configuration\PrimaryConfiguration\InstanceTest" classname="Tests.Unit.Playground.Make.Configuration.PrimaryConfiguration.InstanceTest" assertions="1" time="0.021468"/>
        <testcase name="test_instance_apply_without_options" file="/app/tests/Unit/Configuration/PrimaryConfiguration/InstanceTest.php" line="53" class="Tests\Unit\Playground\Make\Configuration\PrimaryConfiguration\InstanceTest" classname="Tests.Unit.Playground.Make.Configuration.PrimaryConfiguration.InstanceTest" assertions="4" time="0.022314"/>
        <testcase name="test_folder_is_empty_by_default" file="/app/tests/Unit/Configuration/PrimaryConfiguration/InstanceTest.php" line="70" class="Tests\Unit\Playground\Make\Configuration\PrimaryConfiguration\InstanceTest" classname="Tests.Unit.Playground.Make.Configuration.PrimaryConfiguration.InstanceTest" assertions="3" time="0.022261"/>
        <testcase name="test_folder_with_empty_setFolder" file="/app/tests/Unit/Configuration/PrimaryConfiguration/InstanceTest.php" line="80" class="Tests\Unit\Playground\Make\Configuration\PrimaryConfiguration\InstanceTest" classname="Tests.Unit.Playground.Make.Configuration.PrimaryConfiguration.InstanceTest" assertions="3" time="0.022579"/>
        <testcase name="test_folder_with_path_for_setFolder" file="/app/tests/Unit/Configuration/PrimaryConfiguration/InstanceTest.php" line="90" class="Tests\Unit\Playground\Make\Configuration\PrimaryConfiguration\InstanceTest" classname="Tests.Unit.Playground.Make.Configuration.PrimaryConfiguration.InstanceTest" assertions="4" time="0.022889"/>
      </testsuite>
      <testsuite name="Tests\Unit\Playground\Make\Configuration\PrimaryConfiguration\PropertiesTest" file="/app/tests/Unit/Configuration/PrimaryConfiguration/PropertiesTest.php" tests="3" assertions="41" errors="0" failures="0" skipped="0" time="0.067300">
        <testcase name="test_properties" file="/app/tests/Unit/Configuration/PrimaryConfiguration/PropertiesTest.php" line="43" class="Tests\Unit\Playground\Make\Configuration\PrimaryConfiguration\PropertiesTest" classname="Tests.Unit.Playground.Make.Configuration.PrimaryConfiguration.PropertiesTest" assertions="5" time="0.021738"/>
        <testcase name="test_properties_with_all_options_without_apply" file="/app/tests/Unit/Configuration/PrimaryConfiguration/PropertiesTest.php" line="64" class="Tests\Unit\Playground\Make\Configuration\PrimaryConfiguration\PropertiesTest" classname="Tests.Unit.Playground.Make.Configuration.PrimaryConfiguration.PropertiesTest" assertions="17" time="0.022530"/>
        <testcase name="test_properties_with_all_options_with_apply" file="/app/tests/Unit/Configuration/PrimaryConfiguration/PropertiesTest.php" line="115" class="Tests\Unit\Playground\Make\Configuration\PrimaryConfiguration\PropertiesTest" classname="Tests.Unit.Playground.Make.Configuration.PrimaryConfiguration.PropertiesTest" assertions="19" time="0.023032"/>
      </testsuite>
      <testsuite name="Tests\Unit\Playground\Make\Configuration\PrimaryConfiguration\SkeletonTest" file="/app/tests/Unit/Configuration/PrimaryConfiguration/SkeletonTest.php" tests="7" assertions="10" errors="0" failures="0" skipped="0" time="0.160520">
        <testcase name="test_skeleton" file="/app/tests/Unit/Configuration/PrimaryConfiguration/SkeletonTest.php" line="19" class="Tests\Unit\Playground\Make\Configuration\PrimaryConfiguration\SkeletonTest" classname="Tests.Unit.Playground.Make.Configuration.PrimaryConfiguration.SkeletonTest" assertions="2" time="0.021449"/>
        <testcase name="test_skeleton_withSkeleton" file="/app/tests/Unit/Configuration/PrimaryConfiguration/SkeletonTest.php" line="28" class="Tests\Unit\Playground\Make\Configuration\PrimaryConfiguration\SkeletonTest" classname="Tests.Unit.Playground.Make.Configuration.PrimaryConfiguration.SkeletonTest" assertions="2" time="0.021904"/>
        <testcase name="test_skeleton_option_as_false" file="/app/tests/Unit/Configuration/PrimaryConfiguration/SkeletonTest.php" line="39" class="Tests\Unit\Playground\Make\Configuration\PrimaryConfiguration\SkeletonTest" classname="Tests.Unit.Playground.Make.Configuration.PrimaryConfiguration.SkeletonTest" assertions="1" time="0.022481"/>
        <testcase name="test_skeleton_option_as_true" file="/app/tests/Unit/Configuration/PrimaryConfiguration/SkeletonTest.php" line="50" class="Tests\Unit\Playground\Make\Configuration\PrimaryConfiguration\SkeletonTest" classname="Tests.Unit.Playground.Make.Configuration.PrimaryConfiguration.SkeletonTest" assertions="1" time="0.025108"/>
        <testcase name="test_skeleton_parameter_as_true" file="/app/tests/Unit/Configuration/PrimaryConfiguration/SkeletonTest.php" line="61" class="Tests\Unit\Playground\Make\Configuration\PrimaryConfiguration\SkeletonTest" classname="Tests.Unit.Playground.Make.Configuration.PrimaryConfiguration.SkeletonTest" assertions="1" time="0.022988"/>
        <testcase name="test_skeleton_parameter_as_false_overrules_option" file="/app/tests/Unit/Configuration/PrimaryConfiguration/SkeletonTest.php" line="70" class="Tests\Unit\Playground\Make\Configuration\PrimaryConfiguration\SkeletonTest" classname="Tests.Unit.Playground.Make.Configuration.PrimaryConfiguration.SkeletonTest" assertions="1" time="0.023238"/>
        <testcase name="test_skeleton_parameter_as_true_overrules_option" file="/app/tests/Unit/Configuration/PrimaryConfiguration/SkeletonTest.php" line="81" class="Tests\Unit\Playground\Make\Configuration\PrimaryConfiguration\SkeletonTest" classname="Tests.Unit.Playground.Make.Configuration.PrimaryConfiguration.SkeletonTest" assertions="2" time="0.023351"/>
      </testsuite>
    </testsuite>
    <testsuite name="Feature" tests="1" assertions="2" errors="0" failures="0" skipped="0" time="0.162025">
      <testsuite name="Tests\Feature\Playground\Make\Console\Commands\About\CommandTest" file="/app/tests/Feature/Console/Commands/About/CommandTest.php" tests="1" assertions="2" errors="0" failures="0" skipped="0" time="0.162025">
        <testcase name="test_command_about_displays_package_information_and_succeed_with_code_0" file="/app/tests/Feature/Console/Commands/About/CommandTest.php" line="26" class="Tests\Feature\Playground\Make\Console\Commands\About\CommandTest" classname="Tests.Feature.Playground.Make.Console.Commands.About.CommandTest" assertions="2" time="0.162025"/>
      </testsuite>
    </testsuite>
  </testsuite>
</testsuites>
