<?xml version="1.0" encoding="UTF-8"?>
<testsuites>
  <testsuite name="/app/phpunit.xml.dist" tests="72" assertions="248" errors="0" failures="0" skipped="0" time="2.513072">
    <testsuite name="Unit" tests="71" assertions="246" errors="0" failures="0" skipped="0" time="2.353779">
      <testsuite name="Tests\Unit\Playground\Make\Configuration\Configuration\InstanceTest" file="/app/tests/Unit/Configuration/Configuration/InstanceTest.php" tests="2" assertions="5" errors="0" failures="0" skipped="0" time="0.253527">
        <testcase name="test_instance" file="/app/tests/Unit/Configuration/Configuration/InstanceTest.php" line="21" class="Tests\Unit\Playground\Make\Configuration\Configuration\InstanceTest" classname="Tests.Unit.Playground.Make.Configuration.Configuration.InstanceTest" assertions="1" time="0.229088"/>
        <testcase name="test_instance_apply_without_options" file="/app/tests/Unit/Configuration/Configuration/InstanceTest.php" line="33" class="Tests\Unit\Playground\Make\Configuration\Configuration\InstanceTest" classname="Tests.Unit.Playground.Make.Configuration.Configuration.InstanceTest" assertions="4" time="0.024438"/>
      </testsuite>
      <testsuite name="Tests\Unit\Playground\Make\Configuration\Configuration\PropertiesTest" file="/app/tests/Unit/Configuration/Configuration/PropertiesTest.php" tests="3" assertions="12" errors="0" failures="0" skipped="0" time="0.067542">
        <testcase name="test_properties" file="/app/tests/Unit/Configuration/Configuration/PropertiesTest.php" line="24" class="Tests\Unit\Playground\Make\Configuration\Configuration\PropertiesTest" classname="Tests.Unit.Playground.Make.Configuration.Configuration.PropertiesTest" assertions="5" time="0.022354"/>
        <testcase name="test_properties_with_all_options_without_apply" file="/app/tests/Unit/Configuration/Configuration/PropertiesTest.php" line="43" class="Tests\Unit\Playground\Make\Configuration\Configuration\PropertiesTest" classname="Tests.Unit.Playground.Make.Configuration.Configuration.PropertiesTest" assertions="3" time="0.023132"/>
        <testcase name="test_properties_with_all_options_with_apply" file="/app/tests/Unit/Configuration/Configuration/PropertiesTest.php" line="61" class="Tests\Unit\Playground\Make\Configuration\Configuration\PropertiesTest" classname="Tests.Unit.Playground.Make.Configuration.Configuration.PropertiesTest" assertions="4" time="0.022055"/>
      </testsuite>
      <testsuite name="Tests\Unit\Playground\Make\Configuration\Model\AttributesTest" file="/app/tests/Unit/Configuration/Model/AttributesTest.php" tests="6" assertions="19" errors="0" failures="0" skipped="0" time="0.397859">
        <testcase name="test_addModelProperties_with_empty_options" file="/app/tests/Unit/Configuration/Model/AttributesTest.php" line="21" class="Tests\Unit\Playground\Make\Configuration\Model\AttributesTest" classname="Tests.Unit.Playground.Make.Configuration.Model.AttributesTest" assertions="4" time="0.214589"/>
        <testcase name="test_addAttribute_with_invalid_column" file="/app/tests/Unit/Configuration/Model/AttributesTest.php" line="36" class="Tests\Unit\Playground\Make\Configuration\Model\AttributesTest" classname="Tests.Unit.Playground.Make.Configuration.Model.AttributesTest" assertions="3" time="0.087022"/>
        <testcase name="test_addAttribute_with_invalid_default_value_of_array" file="/app/tests/Unit/Configuration/Model/AttributesTest.php" line="56" class="Tests\Unit\Playground\Make\Configuration\Model\AttributesTest" classname="Tests.Unit.Playground.Make.Configuration.Model.AttributesTest" assertions="3" time="0.024128"/>
        <testcase name="test_addCast_with_invalid_column_and_set_empty_string" file="/app/tests/Unit/Configuration/Model/AttributesTest.php" line="74" class="Tests\Unit\Playground\Make\Configuration\Model\AttributesTest" classname="Tests.Unit.Playground.Make.Configuration.Model.AttributesTest" assertions="3" time="0.023940"/>
        <testcase name="test_addCast_with_invalid_cast_value_and_treat_as_string" file="/app/tests/Unit/Configuration/Model/AttributesTest.php" line="94" class="Tests\Unit\Playground\Make\Configuration\Model\AttributesTest" classname="Tests.Unit.Playground.Make.Configuration.Model.AttributesTest" assertions="3" time="0.023845"/>
        <testcase name="test_addFillable_with_invalid_column" file="/app/tests/Unit/Configuration/Model/AttributesTest.php" line="111" class="Tests\Unit\Playground\Make\Configuration\Model\AttributesTest" classname="Tests.Unit.Playground.Make.Configuration.Model.AttributesTest" assertions="3" time="0.024335"/>
      </testsuite>
      <testsuite name="Tests\Unit\Playground\Make\Configuration\Model\Create\InstanceTest" file="/app/tests/Unit/Configuration/Model/Create/InstanceTest.php" tests="3" assertions="8" errors="0" failures="0" skipped="0" time="0.101094">
        <testcase name="test_instance" file="/app/tests/Unit/Configuration/Model/Create/InstanceTest.php" line="21" class="Tests\Unit\Playground\Make\Configuration\Model\Create\InstanceTest" classname="Tests.Unit.Playground.Make.Configuration.Model.Create.InstanceTest" assertions="1" time="0.054290"/>
        <testcase name="test_model_with_file_jsonSerialize" file="/app/tests/Unit/Configuration/Model/Create/InstanceTest.php" line="43" class="Tests\Unit\Playground\Make\Configuration\Model\Create\InstanceTest" classname="Tests.Unit.Playground.Make.Configuration.Model.Create.InstanceTest" assertions="4" time="0.022974"/>
        <testcase name="test_setOptions_unsupported_primary_and_log_message" file="/app/tests/Unit/Configuration/Model/Create/InstanceTest.php" line="74" class="Tests\Unit\Playground\Make\Configuration\Model\Create\InstanceTest" classname="Tests.Unit.Playground.Make.Configuration.Model.Create.InstanceTest" assertions="3" time="0.023830"/>
      </testsuite>
      <testsuite name="Tests\Unit\Playground\Make\Configuration\Model\CreateColumn\InstanceTest" file="/app/tests/Unit/Configuration/Model/CreateColumn/InstanceTest.php" tests="12" assertions="32" errors="0" failures="0" skipped="0" time="0.394415">
        <testcase name="test_instance" file="/app/tests/Unit/Configuration/Model/CreateColumn/InstanceTest.php" line="21" class="Tests\Unit\Playground\Make\Configuration\Model\CreateColumn\InstanceTest" classname="Tests.Unit.Playground.Make.Configuration.Model.CreateColumn.InstanceTest" assertions="1" time="0.089029"/>
        <testcase name="test_model_with_file" file="/app/tests/Unit/Configuration/Model/CreateColumn/InstanceTest.php" line="48" class="Tests\Unit\Playground\Make\Configuration\Model\CreateColumn\InstanceTest" classname="Tests.Unit.Playground.Make.Configuration.Model.CreateColumn.InstanceTest" assertions="1" time="0.064394"/>
        <testcase name="test_setOptions_unsupported_primary_and_ignore" file="/app/tests/Unit/Configuration/Model/CreateColumn/InstanceTest.php" line="59" class="Tests\Unit\Playground\Make\Configuration\Model\CreateColumn\InstanceTest" classname="Tests.Unit.Playground.Make.Configuration.Model.CreateColumn.InstanceTest" assertions="3" time="0.023394"/>
        <testcase name="test_addId_with_empty_column" file="/app/tests/Unit/Configuration/Model/CreateColumn/InstanceTest.php" line="91" class="Tests\Unit\Playground\Make\Configuration\Model\CreateColumn\InstanceTest" classname="Tests.Unit.Playground.Make.Configuration.Model.CreateColumn.InstanceTest" assertions="3" time="0.023023"/>
        <testcase name="test_addUnique_with_empty_column" file="/app/tests/Unit/Configuration/Model/CreateColumn/InstanceTest.php" line="107" class="Tests\Unit\Playground\Make\Configuration\Model\CreateColumn\InstanceTest" classname="Tests.Unit.Playground.Make.Configuration.Model.CreateColumn.InstanceTest" assertions="3" time="0.023231"/>
        <testcase name="test_addDate_with_empty_column" file="/app/tests/Unit/Configuration/Model/CreateColumn/InstanceTest.php" line="123" class="Tests\Unit\Playground\Make\Configuration\Model\CreateColumn\InstanceTest" classname="Tests.Unit.Playground.Make.Configuration.Model.CreateColumn.InstanceTest" assertions="3" time="0.024692"/>
        <testcase name="test_addFlag_with_empty_column" file="/app/tests/Unit/Configuration/Model/CreateColumn/InstanceTest.php" line="139" class="Tests\Unit\Playground\Make\Configuration\Model\CreateColumn\InstanceTest" classname="Tests.Unit.Playground.Make.Configuration.Model.CreateColumn.InstanceTest" assertions="3" time="0.024190"/>
        <testcase name="test_addColumn_with_empty_column" file="/app/tests/Unit/Configuration/Model/CreateColumn/InstanceTest.php" line="155" class="Tests\Unit\Playground\Make\Configuration\Model\CreateColumn\InstanceTest" classname="Tests.Unit.Playground.Make.Configuration.Model.CreateColumn.InstanceTest" assertions="3" time="0.023663"/>
        <testcase name="test_addPermission_with_empty_column" file="/app/tests/Unit/Configuration/Model/CreateColumn/InstanceTest.php" line="171" class="Tests\Unit\Playground\Make\Configuration\Model\CreateColumn\InstanceTest" classname="Tests.Unit.Playground.Make.Configuration.Model.CreateColumn.InstanceTest" assertions="3" time="0.023717"/>
        <testcase name="test_addStatus_with_empty_column" file="/app/tests/Unit/Configuration/Model/CreateColumn/InstanceTest.php" line="187" class="Tests\Unit\Playground\Make\Configuration\Model\CreateColumn\InstanceTest" classname="Tests.Unit.Playground.Make.Configuration.Model.CreateColumn.InstanceTest" assertions="3" time="0.026368"/>
        <testcase name="test_addUi_with_empty_column" file="/app/tests/Unit/Configuration/Model/CreateColumn/InstanceTest.php" line="203" class="Tests\Unit\Playground\Make\Configuration\Model\CreateColumn\InstanceTest" classname="Tests.Unit.Playground.Make.Configuration.Model.CreateColumn.InstanceTest" assertions="3" time="0.024220"/>
        <testcase name="test_addJson_with_empty_column" file="/app/tests/Unit/Configuration/Model/CreateColumn/InstanceTest.php" line="219" class="Tests\Unit\Playground\Make\Configuration\Model\CreateColumn\InstanceTest" classname="Tests.Unit.Playground.Make.Configuration.Model.CreateColumn.InstanceTest" assertions="3" time="0.024493"/>
      </testsuite>
      <testsuite name="Tests\Unit\Playground\Make\Configuration\Model\Filter\InstanceTest" file="/app/tests/Unit/Configuration/Model/Filter/InstanceTest.php" tests="2" assertions="2" errors="0" failures="0" skipped="0" time="0.057296">
        <testcase name="test_instance" file="/app/tests/Unit/Configuration/Model/Filter/InstanceTest.php" line="19" class="Tests\Unit\Playground\Make\Configuration\Model\Filter\InstanceTest" classname="Tests.Unit.Playground.Make.Configuration.Model.Filter.InstanceTest" assertions="1" time="0.034918"/>
        <testcase name="test_instance_apply_without_options" file="/app/tests/Unit/Configuration/Model/Filter/InstanceTest.php" line="26" class="Tests\Unit\Playground\Make\Configuration\Model\Filter\InstanceTest" classname="Tests.Unit.Playground.Make.Configuration.Model.Filter.InstanceTest" assertions="1" time="0.022378"/>
      </testsuite>
      <testsuite name="Tests\Unit\Playground\Make\Configuration\Model\Filters\InstanceTest" file="/app/tests/Unit/Configuration/Model/Filters/InstanceTest.php" tests="13" assertions="37" errors="0" failures="0" skipped="0" time="0.311862">
        <testcase name="test_instance" file="/app/tests/Unit/Configuration/Model/Filters/InstanceTest.php" line="20" class="Tests\Unit\Playground\Make\Configuration\Model\Filters\InstanceTest" classname="Tests.Unit.Playground.Make.Configuration.Model.Filters.InstanceTest" assertions="1" time="0.022040"/>
        <testcase name="test_instance_apply_without_options" file="/app/tests/Unit/Configuration/Model/Filters/InstanceTest.php" line="48" class="Tests\Unit\Playground\Make\Configuration\Model\Filters\InstanceTest" classname="Tests.Unit.Playground.Make.Configuration.Model.Filters.InstanceTest" assertions="4" time="0.022375"/>
        <testcase name="test_model_with_file" file="/app/tests/Unit/Configuration/Model/Filters/InstanceTest.php" line="65" class="Tests\Unit\Playground\Make\Configuration\Model\Filters\InstanceTest" classname="Tests.Unit.Playground.Make.Configuration.Model.Filters.InstanceTest" assertions="4" time="0.025933"/>
        <testcase name="test_setOptions_with_builder_in_options" file="/app/tests/Unit/Configuration/Model/Filters/InstanceTest.php" line="92" class="Tests\Unit\Playground\Make\Configuration\Model\Filters\InstanceTest" classname="Tests.Unit.Playground.Make.Configuration.Model.Filters.InstanceTest" assertions="1" time="0.022355"/>
        <testcase name="test_addId_with_empty_meta" file="/app/tests/Unit/Configuration/Model/Filters/InstanceTest.php" line="101" class="Tests\Unit\Playground\Make\Configuration\Model\Filters\InstanceTest" classname="Tests.Unit.Playground.Make.Configuration.Model.Filters.InstanceTest" assertions="3" time="0.024001"/>
        <testcase name="test_addDate_with_empty_meta" file="/app/tests/Unit/Configuration/Model/Filters/InstanceTest.php" line="117" class="Tests\Unit\Playground\Make\Configuration\Model\Filters\InstanceTest" classname="Tests.Unit.Playground.Make.Configuration.Model.Filters.InstanceTest" assertions="3" time="0.023420"/>
        <testcase name="test_addFlag_with_empty_meta" file="/app/tests/Unit/Configuration/Model/Filters/InstanceTest.php" line="133" class="Tests\Unit\Playground\Make\Configuration\Model\Filters\InstanceTest" classname="Tests.Unit.Playground.Make.Configuration.Model.Filters.InstanceTest" assertions="3" time="0.023475"/>
        <testcase name="test_handleTrash_with_empty_meta" file="/app/tests/Unit/Configuration/Model/Filters/InstanceTest.php" line="149" class="Tests\Unit\Playground\Make\Configuration\Model\Filters\InstanceTest" classname="Tests.Unit.Playground.Make.Configuration.Model.Filters.InstanceTest" assertions="3" time="0.023726"/>
        <testcase name="test_addColumn_with_empty_meta" file="/app/tests/Unit/Configuration/Model/Filters/InstanceTest.php" line="162" class="Tests\Unit\Playground\Make\Configuration\Model\Filters\InstanceTest" classname="Tests.Unit.Playground.Make.Configuration.Model.Filters.InstanceTest" assertions="3" time="0.025300"/>
        <testcase name="test_addPermission_with_empty_meta" file="/app/tests/Unit/Configuration/Model/Filters/InstanceTest.php" line="178" class="Tests\Unit\Playground\Make\Configuration\Model\Filters\InstanceTest" classname="Tests.Unit.Playground.Make.Configuration.Model.Filters.InstanceTest" assertions="3" time="0.024371"/>
        <testcase name="test_addStatus_with_empty_meta" file="/app/tests/Unit/Configuration/Model/Filters/InstanceTest.php" line="194" class="Tests\Unit\Playground\Make\Configuration\Model\Filters\InstanceTest" classname="Tests.Unit.Playground.Make.Configuration.Model.Filters.InstanceTest" assertions="3" time="0.024425"/>
        <testcase name="test_addUi_with_empty_meta" file="/app/tests/Unit/Configuration/Model/Filters/InstanceTest.php" line="210" class="Tests\Unit\Playground\Make\Configuration\Model\Filters\InstanceTest" classname="Tests.Unit.Playground.Make.Configuration.Model.Filters.InstanceTest" assertions="3" time="0.024343"/>
        <testcase name="test_addJson_with_empty_meta" file="/app/tests/Unit/Configuration/Model/Filters/InstanceTest.php" line="226" class="Tests\Unit\Playground\Make\Configuration\Model\Filters\InstanceTest" classname="Tests.Unit.Playground.Make.Configuration.Model.Filters.InstanceTest" assertions="3" time="0.026099"/>
      </testsuite>
      <testsuite name="Tests\Unit\Playground\Make\Configuration\Model\InstanceTest" file="/app/tests/Unit/Configuration/Model/InstanceTest.php" tests="4" assertions="28" errors="0" failures="0" skipped="0" time="0.162170">
        <testcase name="test_instance" file="/app/tests/Unit/Configuration/Model/InstanceTest.php" line="36" class="Tests\Unit\Playground\Make\Configuration\Model\InstanceTest" classname="Tests.Unit.Playground.Make.Configuration.Model.InstanceTest" assertions="1" time="0.061071"/>
        <testcase name="test_instance_apply_without_options" file="/app/tests/Unit/Configuration/Model/InstanceTest.php" line="100" class="Tests\Unit\Playground\Make\Configuration\Model\InstanceTest" classname="Tests.Unit.Playground.Make.Configuration.Model.InstanceTest" assertions="4" time="0.024925"/>
        <testcase name="test_folder_is_empty_by_default" file="/app/tests/Unit/Configuration/Model/InstanceTest.php" line="117" class="Tests\Unit\Playground\Make\Configuration\Model\InstanceTest" classname="Tests.Unit.Playground.Make.Configuration.Model.InstanceTest" assertions="3" time="0.025556"/>
        <testcase name="test_model_with_file_and_skeleton" file="/app/tests/Unit/Configuration/Model/InstanceTest.php" line="127" class="Tests\Unit\Playground\Make\Configuration\Model\InstanceTest" classname="Tests.Unit.Playground.Make.Configuration.Model.InstanceTest" assertions="20" time="0.050618"/>
      </testsuite>
      <testsuite name="Tests\Unit\Playground\Make\Configuration\Model\RelationshipsTest" file="/app/tests/Unit/Configuration/Model/RelationshipsTest.php" tests="4" assertions="12" errors="0" failures="0" skipped="0" time="0.095869">
        <testcase name="test_addRelationships_for_HasOne_with_invalid_accessor" file="/app/tests/Unit/Configuration/Model/RelationshipsTest.php" line="21" class="Tests\Unit\Playground\Make\Configuration\Model\RelationshipsTest" classname="Tests.Unit.Playground.Make.Configuration.Model.RelationshipsTest" assertions="3" time="0.023943"/>
        <testcase name="test_addRelationships_for_HasMany_with_invalid_accessor" file="/app/tests/Unit/Configuration/Model/RelationshipsTest.php" line="47" class="Tests\Unit\Playground\Make\Configuration\Model\RelationshipsTest" classname="Tests.Unit.Playground.Make.Configuration.Model.RelationshipsTest" assertions="3" time="0.023791"/>
        <testcase name="test_addHasOne_without_meta" file="/app/tests/Unit/Configuration/Model/RelationshipsTest.php" line="76" class="Tests\Unit\Playground\Make\Configuration\Model\RelationshipsTest" classname="Tests.Unit.Playground.Make.Configuration.Model.RelationshipsTest" assertions="3" time="0.023724"/>
        <testcase name="test_addHasMany_without_meta" file="/app/tests/Unit/Configuration/Model/RelationshipsTest.php" line="91" class="Tests\Unit\Playground\Make\Configuration\Model\RelationshipsTest" classname="Tests.Unit.Playground.Make.Configuration.Model.RelationshipsTest" assertions="3" time="0.024411"/>
      </testsuite>
      <testsuite name="Tests\Unit\Playground\Make\Configuration\Model\ScopesTest" file="/app/tests/Unit/Configuration/Model/ScopesTest.php" tests="4" assertions="15" errors="0" failures="0" skipped="0" time="0.097323">
        <testcase name="test_addScopes_with_sort" file="/app/tests/Unit/Configuration/Model/ScopesTest.php" line="23" class="Tests\Unit\Playground\Make\Configuration\Model\ScopesTest" classname="Tests.Unit.Playground.Make.Configuration.Model.ScopesTest" assertions="3" time="0.023515"/>
        <testcase name="test_addScope_with_invalid_scope" file="/app/tests/Unit/Configuration/Model/ScopesTest.php" line="46" class="Tests\Unit\Playground\Make\Configuration\Model\ScopesTest" classname="Tests.Unit.Playground.Make.Configuration.Model.ScopesTest" assertions="4" time="0.023662"/>
        <testcase name="test_addScope_for_sort_without_meta" file="/app/tests/Unit/Configuration/Model/ScopesTest.php" line="65" class="Tests\Unit\Playground\Make\Configuration\Model\ScopesTest" classname="Tests.Unit.Playground.Make.Configuration.Model.ScopesTest" assertions="3" time="0.023176"/>
        <testcase name="test_addScope_unsupported_scope_and_ignore" file="/app/tests/Unit/Configuration/Model/ScopesTest.php" line="80" class="Tests\Unit\Playground\Make\Configuration\Model\ScopesTest" classname="Tests.Unit.Playground.Make.Configuration.Model.ScopesTest" assertions="5" time="0.026971"/>
      </testsuite>
      <testsuite name="Tests\Unit\Playground\Make\Configuration\Model\SortingTest" file="/app/tests/Unit/Configuration/Model/SortingTest.php" tests="3" assertions="10" errors="0" failures="0" skipped="0" time="0.071150">
        <testcase name="test_addSortable_without_column" file="/app/tests/Unit/Configuration/Model/SortingTest.php" line="21" class="Tests\Unit\Playground\Make\Configuration\Model\SortingTest" classname="Tests.Unit.Playground.Make.Configuration.Model.SortingTest" assertions="4" time="0.023309"/>
        <testcase name="test_addSortable_with_index" file="/app/tests/Unit/Configuration/Model/SortingTest.php" line="40" class="Tests\Unit\Playground\Make\Configuration\Model\SortingTest" classname="Tests.Unit.Playground.Make.Configuration.Model.SortingTest" assertions="3" time="0.023024"/>
        <testcase name="test_addSortable_without_index" file="/app/tests/Unit/Configuration/Model/SortingTest.php" line="57" class="Tests\Unit\Playground\Make\Configuration\Model\SortingTest" classname="Tests.Unit.Playground.Make.Configuration.Model.SortingTest" assertions="3" time="0.024817"/>
      </testsuite>
      <testsuite name="Tests\Unit\Playground\Make\Configuration\PrimaryConfiguration\InstanceTest" file="/app/tests/Unit/Configuration/PrimaryConfiguration/InstanceTest.php" tests="5" assertions="15" errors="0" failures="0" skipped="0" time="0.112178">
        <testcase name="test_instance" file="/app/tests/Unit/Configuration/PrimaryConfiguration/InstanceTest.php" line="21" class="Tests\Unit\Playground\Make\Configuration\PrimaryConfiguration\InstanceTest" classname="Tests.Unit.Playground.Make.Configuration.PrimaryConfiguration.InstanceTest" assertions="1" time="0.021660"/>
        <testcase name="test_instance_apply_without_options" file="/app/tests/Unit/Configuration/PrimaryConfiguration/InstanceTest.php" line="52" class="Tests\Unit\Playground\Make\Configuration\PrimaryConfiguration\InstanceTest" classname="Tests.Unit.Playground.Make.Configuration.PrimaryConfiguration.InstanceTest" assertions="4" time="0.022762"/>
        <testcase name="test_folder_is_empty_by_default" file="/app/tests/Unit/Configuration/PrimaryConfiguration/InstanceTest.php" line="69" class="Tests\Unit\Playground\Make\Configuration\PrimaryConfiguration\InstanceTest" classname="Tests.Unit.Playground.Make.Configuration.PrimaryConfiguration.InstanceTest" assertions="3" time="0.022340"/>
        <testcase name="test_folder_with_empty_setFolder" file="/app/tests/Unit/Configuration/PrimaryConfiguration/InstanceTest.php" line="79" class="Tests\Unit\Playground\Make\Configuration\PrimaryConfiguration\InstanceTest" classname="Tests.Unit.Playground.Make.Configuration.PrimaryConfiguration.InstanceTest" assertions="3" time="0.022529"/>
        <testcase name="test_folder_with_path_for_setFolder" file="/app/tests/Unit/Configuration/PrimaryConfiguration/InstanceTest.php" line="89" class="Tests\Unit\Playground\Make\Configuration\PrimaryConfiguration\InstanceTest" classname="Tests.Unit.Playground.Make.Configuration.PrimaryConfiguration.InstanceTest" assertions="4" time="0.022887"/>
      </testsuite>
      <testsuite name="Tests\Unit\Playground\Make\Configuration\PrimaryConfiguration\PropertiesTest" file="/app/tests/Unit/Configuration/PrimaryConfiguration/PropertiesTest.php" tests="3" assertions="41" errors="0" failures="0" skipped="0" time="0.067883">
        <testcase name="test_properties" file="/app/tests/Unit/Configuration/PrimaryConfiguration/PropertiesTest.php" line="43" class="Tests\Unit\Playground\Make\Configuration\PrimaryConfiguration\PropertiesTest" classname="Tests.Unit.Playground.Make.Configuration.PrimaryConfiguration.PropertiesTest" assertions="5" time="0.022196"/>
        <testcase name="test_properties_with_all_options_without_apply" file="/app/tests/Unit/Configuration/PrimaryConfiguration/PropertiesTest.php" line="64" class="Tests\Unit\Playground\Make\Configuration\PrimaryConfiguration\PropertiesTest" classname="Tests.Unit.Playground.Make.Configuration.PrimaryConfiguration.PropertiesTest" assertions="17" time="0.022696"/>
        <testcase name="test_properties_with_all_options_with_apply" file="/app/tests/Unit/Configuration/PrimaryConfiguration/PropertiesTest.php" line="115" class="Tests\Unit\Playground\Make\Configuration\PrimaryConfiguration\PropertiesTest" classname="Tests.Unit.Playground.Make.Configuration.PrimaryConfiguration.PropertiesTest" assertions="19" time="0.022992"/>
      </testsuite>
      <testsuite name="Tests\Unit\Playground\Make\Configuration\PrimaryConfiguration\SkeletonTest" file="/app/tests/Unit/Configuration/PrimaryConfiguration/SkeletonTest.php" tests="7" assertions="10" errors="0" failures="0" skipped="0" time="0.163610">
        <testcase name="test_skeleton" file="/app/tests/Unit/Configuration/PrimaryConfiguration/SkeletonTest.php" line="19" class="Tests\Unit\Playground\Make\Configuration\PrimaryConfiguration\SkeletonTest" classname="Tests.Unit.Playground.Make.Configuration.PrimaryConfiguration.SkeletonTest" assertions="2" time="0.022358"/>
        <testcase name="test_skeleton_withSkeleton" file="/app/tests/Unit/Configuration/PrimaryConfiguration/SkeletonTest.php" line="28" class="Tests\Unit\Playground\Make\Configuration\PrimaryConfiguration\SkeletonTest" classname="Tests.Unit.Playground.Make.Configuration.PrimaryConfiguration.SkeletonTest" assertions="2" time="0.023205"/>
        <testcase name="test_skeleton_option_as_false" file="/app/tests/Unit/Configuration/PrimaryConfiguration/SkeletonTest.php" line="39" class="Tests\Unit\Playground\Make\Configuration\PrimaryConfiguration\SkeletonTest" classname="Tests.Unit.Playground.Make.Configuration.PrimaryConfiguration.SkeletonTest" assertions="1" time="0.023494"/>
        <testcase name="test_skeleton_option_as_true" file="/app/tests/Unit/Configuration/PrimaryConfiguration/SkeletonTest.php" line="50" class="Tests\Unit\Playground\Make\Configuration\PrimaryConfiguration\SkeletonTest" classname="Tests.Unit.Playground.Make.Configuration.PrimaryConfiguration.SkeletonTest" assertions="1" time="0.025263"/>
        <testcase name="test_skeleton_parameter_as_true" file="/app/tests/Unit/Configuration/PrimaryConfiguration/SkeletonTest.php" line="61" class="Tests\Unit\Playground\Make\Configuration\PrimaryConfiguration\SkeletonTest" classname="Tests.Unit.Playground.Make.Configuration.PrimaryConfiguration.SkeletonTest" assertions="1" time="0.022960"/>
        <testcase name="test_skeleton_parameter_as_false_overrules_option" file="/app/tests/Unit/Configuration/PrimaryConfiguration/SkeletonTest.php" line="70" class="Tests\Unit\Playground\Make\Configuration\PrimaryConfiguration\SkeletonTest" classname="Tests.Unit.Playground.Make.Configuration.PrimaryConfiguration.SkeletonTest" assertions="1" time="0.022858"/>
        <testcase name="test_skeleton_parameter_as_true_overrules_option" file="/app/tests/Unit/Configuration/PrimaryConfiguration/SkeletonTest.php" line="81" class="Tests\Unit\Playground\Make\Configuration\PrimaryConfiguration\SkeletonTest" classname="Tests.Unit.Playground.Make.Configuration.PrimaryConfiguration.SkeletonTest" assertions="2" time="0.023471"/>
      </testsuite>
    </testsuite>
    <testsuite name="Feature" tests="1" assertions="2" errors="0" failures="0" skipped="0" time="0.159293">
      <testsuite name="Tests\Feature\Playground\Make\Console\Commands\About\CommandTest" file="/app/tests/Feature/Console/Commands/About/CommandTest.php" tests="1" assertions="2" errors="0" failures="0" skipped="0" time="0.159293">
        <testcase name="test_command_about_displays_package_information_and_succeed_with_code_0" file="/app/tests/Feature/Console/Commands/About/CommandTest.php" line="26" class="Tests\Feature\Playground\Make\Console\Commands\About\CommandTest" classname="Tests.Feature.Playground.Make.Console.Commands.About.CommandTest" assertions="2" time="0.159293"/>
      </testsuite>
    </testsuite>
  </testsuite>
</testsuites>
