<?xml version="1.0" encoding="UTF-8"?>
<testsuites>
  <testsuite name="/app/phpunit.xml.dist" tests="72" assertions="248" errors="0" failures="0" skipped="0" time="2.546166">
    <testsuite name="Unit" tests="71" assertions="246" errors="0" failures="0" skipped="0" time="2.389743">
      <testsuite name="Tests\Unit\Playground\Make\Configuration\Configuration\InstanceTest" file="/app/tests/Unit/Configuration/Configuration/InstanceTest.php" tests="2" assertions="5" errors="0" failures="0" skipped="0" time="0.259520">
        <testcase name="test_instance" file="/app/tests/Unit/Configuration/Configuration/InstanceTest.php" line="21" class="Tests\Unit\Playground\Make\Configuration\Configuration\InstanceTest" classname="Tests.Unit.Playground.Make.Configuration.Configuration.InstanceTest" assertions="1" time="0.234632"/>
        <testcase name="test_instance_apply_without_options" file="/app/tests/Unit/Configuration/Configuration/InstanceTest.php" line="33" class="Tests\Unit\Playground\Make\Configuration\Configuration\InstanceTest" classname="Tests.Unit.Playground.Make.Configuration.Configuration.InstanceTest" assertions="4" time="0.024888"/>
      </testsuite>
      <testsuite name="Tests\Unit\Playground\Make\Configuration\Configuration\PropertiesTest" file="/app/tests/Unit/Configuration/Configuration/PropertiesTest.php" tests="3" assertions="12" errors="0" failures="0" skipped="0" time="0.068213">
        <testcase name="test_properties" file="/app/tests/Unit/Configuration/Configuration/PropertiesTest.php" line="24" class="Tests\Unit\Playground\Make\Configuration\Configuration\PropertiesTest" classname="Tests.Unit.Playground.Make.Configuration.Configuration.PropertiesTest" assertions="5" time="0.022097"/>
        <testcase name="test_properties_with_all_options_without_apply" file="/app/tests/Unit/Configuration/Configuration/PropertiesTest.php" line="43" class="Tests\Unit\Playground\Make\Configuration\Configuration\PropertiesTest" classname="Tests.Unit.Playground.Make.Configuration.Configuration.PropertiesTest" assertions="3" time="0.023272"/>
        <testcase name="test_properties_with_all_options_with_apply" file="/app/tests/Unit/Configuration/Configuration/PropertiesTest.php" line="61" class="Tests\Unit\Playground\Make\Configuration\Configuration\PropertiesTest" classname="Tests.Unit.Playground.Make.Configuration.Configuration.PropertiesTest" assertions="4" time="0.022843"/>
      </testsuite>
      <testsuite name="Tests\Unit\Playground\Make\Configuration\Model\AttributesTest" file="/app/tests/Unit/Configuration/Model/AttributesTest.php" tests="6" assertions="19" errors="0" failures="0" skipped="0" time="0.408739">
        <testcase name="test_addModelProperties_with_empty_options" file="/app/tests/Unit/Configuration/Model/AttributesTest.php" line="21" class="Tests\Unit\Playground\Make\Configuration\Model\AttributesTest" classname="Tests.Unit.Playground.Make.Configuration.Model.AttributesTest" assertions="4" time="0.228036"/>
        <testcase name="test_addAttribute_with_invalid_column" file="/app/tests/Unit/Configuration/Model/AttributesTest.php" line="36" class="Tests\Unit\Playground\Make\Configuration\Model\AttributesTest" classname="Tests.Unit.Playground.Make.Configuration.Model.AttributesTest" assertions="3" time="0.085230"/>
        <testcase name="test_addAttribute_with_invalid_default_value_of_array" file="/app/tests/Unit/Configuration/Model/AttributesTest.php" line="56" class="Tests\Unit\Playground\Make\Configuration\Model\AttributesTest" classname="Tests.Unit.Playground.Make.Configuration.Model.AttributesTest" assertions="3" time="0.023518"/>
        <testcase name="test_addCast_with_invalid_column_and_set_empty_string" file="/app/tests/Unit/Configuration/Model/AttributesTest.php" line="74" class="Tests\Unit\Playground\Make\Configuration\Model\AttributesTest" classname="Tests.Unit.Playground.Make.Configuration.Model.AttributesTest" assertions="3" time="0.023964"/>
        <testcase name="test_addCast_with_invalid_cast_value_and_treat_as_string" file="/app/tests/Unit/Configuration/Model/AttributesTest.php" line="94" class="Tests\Unit\Playground\Make\Configuration\Model\AttributesTest" classname="Tests.Unit.Playground.Make.Configuration.Model.AttributesTest" assertions="3" time="0.023697"/>
        <testcase name="test_addFillable_with_invalid_column" file="/app/tests/Unit/Configuration/Model/AttributesTest.php" line="111" class="Tests\Unit\Playground\Make\Configuration\Model\AttributesTest" classname="Tests.Unit.Playground.Make.Configuration.Model.AttributesTest" assertions="3" time="0.024294"/>
      </testsuite>
      <testsuite name="Tests\Unit\Playground\Make\Configuration\Model\Create\InstanceTest" file="/app/tests/Unit/Configuration/Model/Create/InstanceTest.php" tests="3" assertions="8" errors="0" failures="0" skipped="0" time="0.100999">
        <testcase name="test_instance" file="/app/tests/Unit/Configuration/Model/Create/InstanceTest.php" line="21" class="Tests\Unit\Playground\Make\Configuration\Model\Create\InstanceTest" classname="Tests.Unit.Playground.Make.Configuration.Model.Create.InstanceTest" assertions="1" time="0.054474"/>
        <testcase name="test_model_with_file_jsonSerialize" file="/app/tests/Unit/Configuration/Model/Create/InstanceTest.php" line="43" class="Tests\Unit\Playground\Make\Configuration\Model\Create\InstanceTest" classname="Tests.Unit.Playground.Make.Configuration.Model.Create.InstanceTest" assertions="4" time="0.022648"/>
        <testcase name="test_setOptions_unsupported_primary_and_log_message" file="/app/tests/Unit/Configuration/Model/Create/InstanceTest.php" line="74" class="Tests\Unit\Playground\Make\Configuration\Model\Create\InstanceTest" classname="Tests.Unit.Playground.Make.Configuration.Model.Create.InstanceTest" assertions="3" time="0.023877"/>
      </testsuite>
      <testsuite name="Tests\Unit\Playground\Make\Configuration\Model\CreateColumn\InstanceTest" file="/app/tests/Unit/Configuration/Model/CreateColumn/InstanceTest.php" tests="12" assertions="32" errors="0" failures="0" skipped="0" time="0.403176">
        <testcase name="test_instance" file="/app/tests/Unit/Configuration/Model/CreateColumn/InstanceTest.php" line="21" class="Tests\Unit\Playground\Make\Configuration\Model\CreateColumn\InstanceTest" classname="Tests.Unit.Playground.Make.Configuration.Model.CreateColumn.InstanceTest" assertions="1" time="0.090353"/>
        <testcase name="test_model_with_file" file="/app/tests/Unit/Configuration/Model/CreateColumn/InstanceTest.php" line="48" class="Tests\Unit\Playground\Make\Configuration\Model\CreateColumn\InstanceTest" classname="Tests.Unit.Playground.Make.Configuration.Model.CreateColumn.InstanceTest" assertions="1" time="0.065375"/>
        <testcase name="test_setOptions_unsupported_primary_and_ignore" file="/app/tests/Unit/Configuration/Model/CreateColumn/InstanceTest.php" line="59" class="Tests\Unit\Playground\Make\Configuration\Model\CreateColumn\InstanceTest" classname="Tests.Unit.Playground.Make.Configuration.Model.CreateColumn.InstanceTest" assertions="3" time="0.024860"/>
        <testcase name="test_addId_with_empty_column" file="/app/tests/Unit/Configuration/Model/CreateColumn/InstanceTest.php" line="91" class="Tests\Unit\Playground\Make\Configuration\Model\CreateColumn\InstanceTest" classname="Tests.Unit.Playground.Make.Configuration.Model.CreateColumn.InstanceTest" assertions="3" time="0.024132"/>
        <testcase name="test_addUnique_with_empty_column" file="/app/tests/Unit/Configuration/Model/CreateColumn/InstanceTest.php" line="107" class="Tests\Unit\Playground\Make\Configuration\Model\CreateColumn\InstanceTest" classname="Tests.Unit.Playground.Make.Configuration.Model.CreateColumn.InstanceTest" assertions="3" time="0.024270"/>
        <testcase name="test_addDate_with_empty_column" file="/app/tests/Unit/Configuration/Model/CreateColumn/InstanceTest.php" line="123" class="Tests\Unit\Playground\Make\Configuration\Model\CreateColumn\InstanceTest" classname="Tests.Unit.Playground.Make.Configuration.Model.CreateColumn.InstanceTest" assertions="3" time="0.025854"/>
        <testcase name="test_addFlag_with_empty_column" file="/app/tests/Unit/Configuration/Model/CreateColumn/InstanceTest.php" line="139" class="Tests\Unit\Playground\Make\Configuration\Model\CreateColumn\InstanceTest" classname="Tests.Unit.Playground.Make.Configuration.Model.CreateColumn.InstanceTest" assertions="3" time="0.024171"/>
        <testcase name="test_addColumn_with_empty_column" file="/app/tests/Unit/Configuration/Model/CreateColumn/InstanceTest.php" line="155" class="Tests\Unit\Playground\Make\Configuration\Model\CreateColumn\InstanceTest" classname="Tests.Unit.Playground.Make.Configuration.Model.CreateColumn.InstanceTest" assertions="3" time="0.024250"/>
        <testcase name="test_addPermission_with_empty_column" file="/app/tests/Unit/Configuration/Model/CreateColumn/InstanceTest.php" line="171" class="Tests\Unit\Playground\Make\Configuration\Model\CreateColumn\InstanceTest" classname="Tests.Unit.Playground.Make.Configuration.Model.CreateColumn.InstanceTest" assertions="3" time="0.024145"/>
        <testcase name="test_addStatus_with_empty_column" file="/app/tests/Unit/Configuration/Model/CreateColumn/InstanceTest.php" line="187" class="Tests\Unit\Playground\Make\Configuration\Model\CreateColumn\InstanceTest" classname="Tests.Unit.Playground.Make.Configuration.Model.CreateColumn.InstanceTest" assertions="3" time="0.026832"/>
        <testcase name="test_addUi_with_empty_column" file="/app/tests/Unit/Configuration/Model/CreateColumn/InstanceTest.php" line="203" class="Tests\Unit\Playground\Make\Configuration\Model\CreateColumn\InstanceTest" classname="Tests.Unit.Playground.Make.Configuration.Model.CreateColumn.InstanceTest" assertions="3" time="0.024375"/>
        <testcase name="test_addJson_with_empty_column" file="/app/tests/Unit/Configuration/Model/CreateColumn/InstanceTest.php" line="219" class="Tests\Unit\Playground\Make\Configuration\Model\CreateColumn\InstanceTest" classname="Tests.Unit.Playground.Make.Configuration.Model.CreateColumn.InstanceTest" assertions="3" time="0.024558"/>
      </testsuite>
      <testsuite name="Tests\Unit\Playground\Make\Configuration\Model\Filter\InstanceTest" file="/app/tests/Unit/Configuration/Model/Filter/InstanceTest.php" tests="2" assertions="2" errors="0" failures="0" skipped="0" time="0.056283">
        <testcase name="test_instance" file="/app/tests/Unit/Configuration/Model/Filter/InstanceTest.php" line="19" class="Tests\Unit\Playground\Make\Configuration\Model\Filter\InstanceTest" classname="Tests.Unit.Playground.Make.Configuration.Model.Filter.InstanceTest" assertions="1" time="0.034371"/>
        <testcase name="test_instance_apply_without_options" file="/app/tests/Unit/Configuration/Model/Filter/InstanceTest.php" line="26" class="Tests\Unit\Playground\Make\Configuration\Model\Filter\InstanceTest" classname="Tests.Unit.Playground.Make.Configuration.Model.Filter.InstanceTest" assertions="1" time="0.021912"/>
      </testsuite>
      <testsuite name="Tests\Unit\Playground\Make\Configuration\Model\Filters\InstanceTest" file="/app/tests/Unit/Configuration/Model/Filters/InstanceTest.php" tests="13" assertions="37" errors="0" failures="0" skipped="0" time="0.315076">
        <testcase name="test_instance" file="/app/tests/Unit/Configuration/Model/Filters/InstanceTest.php" line="20" class="Tests\Unit\Playground\Make\Configuration\Model\Filters\InstanceTest" classname="Tests.Unit.Playground.Make.Configuration.Model.Filters.InstanceTest" assertions="1" time="0.021918"/>
        <testcase name="test_instance_apply_without_options" file="/app/tests/Unit/Configuration/Model/Filters/InstanceTest.php" line="48" class="Tests\Unit\Playground\Make\Configuration\Model\Filters\InstanceTest" classname="Tests.Unit.Playground.Make.Configuration.Model.Filters.InstanceTest" assertions="4" time="0.022435"/>
        <testcase name="test_model_with_file" file="/app/tests/Unit/Configuration/Model/Filters/InstanceTest.php" line="65" class="Tests\Unit\Playground\Make\Configuration\Model\Filters\InstanceTest" classname="Tests.Unit.Playground.Make.Configuration.Model.Filters.InstanceTest" assertions="4" time="0.025888"/>
        <testcase name="test_setOptions_with_builder_in_options" file="/app/tests/Unit/Configuration/Model/Filters/InstanceTest.php" line="92" class="Tests\Unit\Playground\Make\Configuration\Model\Filters\InstanceTest" classname="Tests.Unit.Playground.Make.Configuration.Model.Filters.InstanceTest" assertions="1" time="0.022680"/>
        <testcase name="test_addId_with_empty_meta" file="/app/tests/Unit/Configuration/Model/Filters/InstanceTest.php" line="101" class="Tests\Unit\Playground\Make\Configuration\Model\Filters\InstanceTest" classname="Tests.Unit.Playground.Make.Configuration.Model.Filters.InstanceTest" assertions="3" time="0.024010"/>
        <testcase name="test_addDate_with_empty_meta" file="/app/tests/Unit/Configuration/Model/Filters/InstanceTest.php" line="117" class="Tests\Unit\Playground\Make\Configuration\Model\Filters\InstanceTest" classname="Tests.Unit.Playground.Make.Configuration.Model.Filters.InstanceTest" assertions="3" time="0.023540"/>
        <testcase name="test_addFlag_with_empty_meta" file="/app/tests/Unit/Configuration/Model/Filters/InstanceTest.php" line="133" class="Tests\Unit\Playground\Make\Configuration\Model\Filters\InstanceTest" classname="Tests.Unit.Playground.Make.Configuration.Model.Filters.InstanceTest" assertions="3" time="0.023700"/>
        <testcase name="test_handleTrash_with_empty_meta" file="/app/tests/Unit/Configuration/Model/Filters/InstanceTest.php" line="149" class="Tests\Unit\Playground\Make\Configuration\Model\Filters\InstanceTest" classname="Tests.Unit.Playground.Make.Configuration.Model.Filters.InstanceTest" assertions="3" time="0.023899"/>
        <testcase name="test_addColumn_with_empty_meta" file="/app/tests/Unit/Configuration/Model/Filters/InstanceTest.php" line="162" class="Tests\Unit\Playground\Make\Configuration\Model\Filters\InstanceTest" classname="Tests.Unit.Playground.Make.Configuration.Model.Filters.InstanceTest" assertions="3" time="0.025735"/>
        <testcase name="test_addPermission_with_empty_meta" file="/app/tests/Unit/Configuration/Model/Filters/InstanceTest.php" line="178" class="Tests\Unit\Playground\Make\Configuration\Model\Filters\InstanceTest" classname="Tests.Unit.Playground.Make.Configuration.Model.Filters.InstanceTest" assertions="3" time="0.024712"/>
        <testcase name="test_addStatus_with_empty_meta" file="/app/tests/Unit/Configuration/Model/Filters/InstanceTest.php" line="194" class="Tests\Unit\Playground\Make\Configuration\Model\Filters\InstanceTest" classname="Tests.Unit.Playground.Make.Configuration.Model.Filters.InstanceTest" assertions="3" time="0.024566"/>
        <testcase name="test_addUi_with_empty_meta" file="/app/tests/Unit/Configuration/Model/Filters/InstanceTest.php" line="210" class="Tests\Unit\Playground\Make\Configuration\Model\Filters\InstanceTest" classname="Tests.Unit.Playground.Make.Configuration.Model.Filters.InstanceTest" assertions="3" time="0.024984"/>
        <testcase name="test_addJson_with_empty_meta" file="/app/tests/Unit/Configuration/Model/Filters/InstanceTest.php" line="226" class="Tests\Unit\Playground\Make\Configuration\Model\Filters\InstanceTest" classname="Tests.Unit.Playground.Make.Configuration.Model.Filters.InstanceTest" assertions="3" time="0.027009"/>
      </testsuite>
      <testsuite name="Tests\Unit\Playground\Make\Configuration\Model\InstanceTest" file="/app/tests/Unit/Configuration/Model/InstanceTest.php" tests="4" assertions="28" errors="0" failures="0" skipped="0" time="0.162553">
        <testcase name="test_instance" file="/app/tests/Unit/Configuration/Model/InstanceTest.php" line="36" class="Tests\Unit\Playground\Make\Configuration\Model\InstanceTest" classname="Tests.Unit.Playground.Make.Configuration.Model.InstanceTest" assertions="1" time="0.061373"/>
        <testcase name="test_instance_apply_without_options" file="/app/tests/Unit/Configuration/Model/InstanceTest.php" line="100" class="Tests\Unit\Playground\Make\Configuration\Model\InstanceTest" classname="Tests.Unit.Playground.Make.Configuration.Model.InstanceTest" assertions="4" time="0.024529"/>
        <testcase name="test_folder_is_empty_by_default" file="/app/tests/Unit/Configuration/Model/InstanceTest.php" line="117" class="Tests\Unit\Playground\Make\Configuration\Model\InstanceTest" classname="Tests.Unit.Playground.Make.Configuration.Model.InstanceTest" assertions="3" time="0.025788"/>
        <testcase name="test_model_with_file_and_skeleton" file="/app/tests/Unit/Configuration/Model/InstanceTest.php" line="127" class="Tests\Unit\Playground\Make\Configuration\Model\InstanceTest" classname="Tests.Unit.Playground.Make.Configuration.Model.InstanceTest" assertions="20" time="0.050863"/>
      </testsuite>
      <testsuite name="Tests\Unit\Playground\Make\Configuration\Model\RelationshipsTest" file="/app/tests/Unit/Configuration/Model/RelationshipsTest.php" tests="4" assertions="12" errors="0" failures="0" skipped="0" time="0.096305">
        <testcase name="test_addRelationships_for_HasOne_with_invalid_accessor" file="/app/tests/Unit/Configuration/Model/RelationshipsTest.php" line="21" class="Tests\Unit\Playground\Make\Configuration\Model\RelationshipsTest" classname="Tests.Unit.Playground.Make.Configuration.Model.RelationshipsTest" assertions="3" time="0.023956"/>
        <testcase name="test_addRelationships_for_HasMany_with_invalid_accessor" file="/app/tests/Unit/Configuration/Model/RelationshipsTest.php" line="47" class="Tests\Unit\Playground\Make\Configuration\Model\RelationshipsTest" classname="Tests.Unit.Playground.Make.Configuration.Model.RelationshipsTest" assertions="3" time="0.023763"/>
        <testcase name="test_addHasOne_without_meta" file="/app/tests/Unit/Configuration/Model/RelationshipsTest.php" line="76" class="Tests\Unit\Playground\Make\Configuration\Model\RelationshipsTest" classname="Tests.Unit.Playground.Make.Configuration.Model.RelationshipsTest" assertions="3" time="0.024655"/>
        <testcase name="test_addHasMany_without_meta" file="/app/tests/Unit/Configuration/Model/RelationshipsTest.php" line="91" class="Tests\Unit\Playground\Make\Configuration\Model\RelationshipsTest" classname="Tests.Unit.Playground.Make.Configuration.Model.RelationshipsTest" assertions="3" time="0.023931"/>
      </testsuite>
      <testsuite name="Tests\Unit\Playground\Make\Configuration\Model\ScopesTest" file="/app/tests/Unit/Configuration/Model/ScopesTest.php" tests="4" assertions="15" errors="0" failures="0" skipped="0" time="0.101296">
        <testcase name="test_addScopes_with_sort" file="/app/tests/Unit/Configuration/Model/ScopesTest.php" line="23" class="Tests\Unit\Playground\Make\Configuration\Model\ScopesTest" classname="Tests.Unit.Playground.Make.Configuration.Model.ScopesTest" assertions="3" time="0.024173"/>
        <testcase name="test_addScope_with_invalid_scope" file="/app/tests/Unit/Configuration/Model/ScopesTest.php" line="46" class="Tests\Unit\Playground\Make\Configuration\Model\ScopesTest" classname="Tests.Unit.Playground.Make.Configuration.Model.ScopesTest" assertions="4" time="0.024962"/>
        <testcase name="test_addScope_for_sort_without_meta" file="/app/tests/Unit/Configuration/Model/ScopesTest.php" line="65" class="Tests\Unit\Playground\Make\Configuration\Model\ScopesTest" classname="Tests.Unit.Playground.Make.Configuration.Model.ScopesTest" assertions="3" time="0.024335"/>
        <testcase name="test_addScope_unsupported_scope_and_ignore" file="/app/tests/Unit/Configuration/Model/ScopesTest.php" line="80" class="Tests\Unit\Playground\Make\Configuration\Model\ScopesTest" classname="Tests.Unit.Playground.Make.Configuration.Model.ScopesTest" assertions="5" time="0.027826"/>
      </testsuite>
      <testsuite name="Tests\Unit\Playground\Make\Configuration\Model\SortingTest" file="/app/tests/Unit/Configuration/Model/SortingTest.php" tests="3" assertions="10" errors="0" failures="0" skipped="0" time="0.073781">
        <testcase name="test_addSortable_without_column" file="/app/tests/Unit/Configuration/Model/SortingTest.php" line="21" class="Tests\Unit\Playground\Make\Configuration\Model\SortingTest" classname="Tests.Unit.Playground.Make.Configuration.Model.SortingTest" assertions="4" time="0.024062"/>
        <testcase name="test_addSortable_with_index" file="/app/tests/Unit/Configuration/Model/SortingTest.php" line="40" class="Tests\Unit\Playground\Make\Configuration\Model\SortingTest" classname="Tests.Unit.Playground.Make.Configuration.Model.SortingTest" assertions="3" time="0.023980"/>
        <testcase name="test_addSortable_without_index" file="/app/tests/Unit/Configuration/Model/SortingTest.php" line="57" class="Tests\Unit\Playground\Make\Configuration\Model\SortingTest" classname="Tests.Unit.Playground.Make.Configuration.Model.SortingTest" assertions="3" time="0.025739"/>
      </testsuite>
      <testsuite name="Tests\Unit\Playground\Make\Configuration\PrimaryConfiguration\InstanceTest" file="/app/tests/Unit/Configuration/PrimaryConfiguration/InstanceTest.php" tests="5" assertions="15" errors="0" failures="0" skipped="0" time="0.113072">
        <testcase name="test_instance" file="/app/tests/Unit/Configuration/PrimaryConfiguration/InstanceTest.php" line="21" class="Tests\Unit\Playground\Make\Configuration\PrimaryConfiguration\InstanceTest" classname="Tests.Unit.Playground.Make.Configuration.PrimaryConfiguration.InstanceTest" assertions="1" time="0.022207"/>
        <testcase name="test_instance_apply_without_options" file="/app/tests/Unit/Configuration/PrimaryConfiguration/InstanceTest.php" line="52" class="Tests\Unit\Playground\Make\Configuration\PrimaryConfiguration\InstanceTest" classname="Tests.Unit.Playground.Make.Configuration.PrimaryConfiguration.InstanceTest" assertions="4" time="0.022466"/>
        <testcase name="test_folder_is_empty_by_default" file="/app/tests/Unit/Configuration/PrimaryConfiguration/InstanceTest.php" line="69" class="Tests\Unit\Playground\Make\Configuration\PrimaryConfiguration\InstanceTest" classname="Tests.Unit.Playground.Make.Configuration.PrimaryConfiguration.InstanceTest" assertions="3" time="0.022611"/>
        <testcase name="test_folder_with_empty_setFolder" file="/app/tests/Unit/Configuration/PrimaryConfiguration/InstanceTest.php" line="79" class="Tests\Unit\Playground\Make\Configuration\PrimaryConfiguration\InstanceTest" classname="Tests.Unit.Playground.Make.Configuration.PrimaryConfiguration.InstanceTest" assertions="3" time="0.022709"/>
        <testcase name="test_folder_with_path_for_setFolder" file="/app/tests/Unit/Configuration/PrimaryConfiguration/InstanceTest.php" line="89" class="Tests\Unit\Playground\Make\Configuration\PrimaryConfiguration\InstanceTest" classname="Tests.Unit.Playground.Make.Configuration.PrimaryConfiguration.InstanceTest" assertions="4" time="0.023079"/>
      </testsuite>
      <testsuite name="Tests\Unit\Playground\Make\Configuration\PrimaryConfiguration\PropertiesTest" file="/app/tests/Unit/Configuration/PrimaryConfiguration/PropertiesTest.php" tests="3" assertions="41" errors="0" failures="0" skipped="0" time="0.067972">
        <testcase name="test_properties" file="/app/tests/Unit/Configuration/PrimaryConfiguration/PropertiesTest.php" line="43" class="Tests\Unit\Playground\Make\Configuration\PrimaryConfiguration\PropertiesTest" classname="Tests.Unit.Playground.Make.Configuration.PrimaryConfiguration.PropertiesTest" assertions="5" time="0.022143"/>
        <testcase name="test_properties_with_all_options_without_apply" file="/app/tests/Unit/Configuration/PrimaryConfiguration/PropertiesTest.php" line="64" class="Tests\Unit\Playground\Make\Configuration\PrimaryConfiguration\PropertiesTest" classname="Tests.Unit.Playground.Make.Configuration.PrimaryConfiguration.PropertiesTest" assertions="17" time="0.022777"/>
        <testcase name="test_properties_with_all_options_with_apply" file="/app/tests/Unit/Configuration/PrimaryConfiguration/PropertiesTest.php" line="115" class="Tests\Unit\Playground\Make\Configuration\PrimaryConfiguration\PropertiesTest" classname="Tests.Unit.Playground.Make.Configuration.PrimaryConfiguration.PropertiesTest" assertions="19" time="0.023051"/>
      </testsuite>
      <testsuite name="Tests\Unit\Playground\Make\Configuration\PrimaryConfiguration\SkeletonTest" file="/app/tests/Unit/Configuration/PrimaryConfiguration/SkeletonTest.php" tests="7" assertions="10" errors="0" failures="0" skipped="0" time="0.162758">
        <testcase name="test_skeleton" file="/app/tests/Unit/Configuration/PrimaryConfiguration/SkeletonTest.php" line="19" class="Tests\Unit\Playground\Make\Configuration\PrimaryConfiguration\SkeletonTest" classname="Tests.Unit.Playground.Make.Configuration.PrimaryConfiguration.SkeletonTest" assertions="2" time="0.021947"/>
        <testcase name="test_skeleton_withSkeleton" file="/app/tests/Unit/Configuration/PrimaryConfiguration/SkeletonTest.php" line="28" class="Tests\Unit\Playground\Make\Configuration\PrimaryConfiguration\SkeletonTest" classname="Tests.Unit.Playground.Make.Configuration.PrimaryConfiguration.SkeletonTest" assertions="2" time="0.022083"/>
        <testcase name="test_skeleton_option_as_false" file="/app/tests/Unit/Configuration/PrimaryConfiguration/SkeletonTest.php" line="39" class="Tests\Unit\Playground\Make\Configuration\PrimaryConfiguration\SkeletonTest" classname="Tests.Unit.Playground.Make.Configuration.PrimaryConfiguration.SkeletonTest" assertions="1" time="0.022568"/>
        <testcase name="test_skeleton_option_as_true" file="/app/tests/Unit/Configuration/PrimaryConfiguration/SkeletonTest.php" line="50" class="Tests\Unit\Playground\Make\Configuration\PrimaryConfiguration\SkeletonTest" classname="Tests.Unit.Playground.Make.Configuration.PrimaryConfiguration.SkeletonTest" assertions="1" time="0.025180"/>
        <testcase name="test_skeleton_parameter_as_true" file="/app/tests/Unit/Configuration/PrimaryConfiguration/SkeletonTest.php" line="61" class="Tests\Unit\Playground\Make\Configuration\PrimaryConfiguration\SkeletonTest" classname="Tests.Unit.Playground.Make.Configuration.PrimaryConfiguration.SkeletonTest" assertions="1" time="0.023156"/>
        <testcase name="test_skeleton_parameter_as_false_overrules_option" file="/app/tests/Unit/Configuration/PrimaryConfiguration/SkeletonTest.php" line="70" class="Tests\Unit\Playground\Make\Configuration\PrimaryConfiguration\SkeletonTest" classname="Tests.Unit.Playground.Make.Configuration.PrimaryConfiguration.SkeletonTest" assertions="1" time="0.023489"/>
        <testcase name="test_skeleton_parameter_as_true_overrules_option" file="/app/tests/Unit/Configuration/PrimaryConfiguration/SkeletonTest.php" line="81" class="Tests\Unit\Playground\Make\Configuration\PrimaryConfiguration\SkeletonTest" classname="Tests.Unit.Playground.Make.Configuration.PrimaryConfiguration.SkeletonTest" assertions="2" time="0.024336"/>
      </testsuite>
    </testsuite>
    <testsuite name="Feature" tests="1" assertions="2" errors="0" failures="0" skipped="0" time="0.156423">
      <testsuite name="Tests\Feature\Playground\Make\Console\Commands\About\CommandTest" file="/app/tests/Feature/Console/Commands/About/CommandTest.php" tests="1" assertions="2" errors="0" failures="0" skipped="0" time="0.156423">
        <testcase name="test_command_about_displays_package_information_and_succeed_with_code_0" file="/app/tests/Feature/Console/Commands/About/CommandTest.php" line="26" class="Tests\Feature\Playground\Make\Console\Commands\About\CommandTest" classname="Tests.Feature.Playground.Make.Console.Commands.About.CommandTest" assertions="2" time="0.156423"/>
      </testsuite>
    </testsuite>
  </testsuite>
</testsuites>
