<?xml version="1.0" encoding="UTF-8"?>
<testsuites>
  <testsuite name="/app/phpunit-ci.xml" tests="72" assertions="248" errors="0" failures="0" skipped="0" time="2.528757">
    <testsuite name="Unit" tests="71" assertions="246" errors="0" failures="0" skipped="0" time="2.368763">
      <testsuite name="Tests\Unit\Playground\Make\Configuration\Configuration\InstanceTest" file="/app/tests/Unit/Configuration/Configuration/InstanceTest.php" tests="2" assertions="5" errors="0" failures="0" skipped="0" time="0.251987">
        <testcase name="test_instance" file="/app/tests/Unit/Configuration/Configuration/InstanceTest.php" line="22" class="Tests\Unit\Playground\Make\Configuration\Configuration\InstanceTest" classname="Tests.Unit.Playground.Make.Configuration.Configuration.InstanceTest" assertions="1" time="0.227761"/>
        <testcase name="test_instance_apply_without_options" file="/app/tests/Unit/Configuration/Configuration/InstanceTest.php" line="34" class="Tests\Unit\Playground\Make\Configuration\Configuration\InstanceTest" classname="Tests.Unit.Playground.Make.Configuration.Configuration.InstanceTest" assertions="4" time="0.024226"/>
      </testsuite>
      <testsuite name="Tests\Unit\Playground\Make\Configuration\Configuration\PropertiesTest" file="/app/tests/Unit/Configuration/Configuration/PropertiesTest.php" tests="3" assertions="12" errors="0" failures="0" skipped="0" time="0.067715">
        <testcase name="test_properties" file="/app/tests/Unit/Configuration/Configuration/PropertiesTest.php" line="27" class="Tests\Unit\Playground\Make\Configuration\Configuration\PropertiesTest" classname="Tests.Unit.Playground.Make.Configuration.Configuration.PropertiesTest" assertions="5" time="0.021842"/>
        <testcase name="test_properties_with_all_options_without_apply" file="/app/tests/Unit/Configuration/Configuration/PropertiesTest.php" line="46" class="Tests\Unit\Playground\Make\Configuration\Configuration\PropertiesTest" classname="Tests.Unit.Playground.Make.Configuration.Configuration.PropertiesTest" assertions="3" time="0.023478"/>
        <testcase name="test_properties_with_all_options_with_apply" file="/app/tests/Unit/Configuration/Configuration/PropertiesTest.php" line="64" class="Tests\Unit\Playground\Make\Configuration\Configuration\PropertiesTest" classname="Tests.Unit.Playground.Make.Configuration.Configuration.PropertiesTest" assertions="4" time="0.022395"/>
      </testsuite>
      <testsuite name="Tests\Unit\Playground\Make\Configuration\Model\AttributesTest" file="/app/tests/Unit/Configuration/Model/AttributesTest.php" tests="6" assertions="19" errors="0" failures="0" skipped="0" time="0.350377">
        <testcase name="test_addModelProperties_with_empty_options" file="/app/tests/Unit/Configuration/Model/AttributesTest.php" line="22" class="Tests\Unit\Playground\Make\Configuration\Model\AttributesTest" classname="Tests.Unit.Playground.Make.Configuration.Model.AttributesTest" assertions="4" time="0.229995"/>
        <testcase name="test_addAttribute_with_invalid_column" file="/app/tests/Unit/Configuration/Model/AttributesTest.php" line="37" class="Tests\Unit\Playground\Make\Configuration\Model\AttributesTest" classname="Tests.Unit.Playground.Make.Configuration.Model.AttributesTest" assertions="3" time="0.027079"/>
        <testcase name="test_addAttribute_with_invalid_default_value_of_array" file="/app/tests/Unit/Configuration/Model/AttributesTest.php" line="57" class="Tests\Unit\Playground\Make\Configuration\Model\AttributesTest" classname="Tests.Unit.Playground.Make.Configuration.Model.AttributesTest" assertions="3" time="0.022769"/>
        <testcase name="test_addCast_with_invalid_column_and_set_empty_string" file="/app/tests/Unit/Configuration/Model/AttributesTest.php" line="75" class="Tests\Unit\Playground\Make\Configuration\Model\AttributesTest" classname="Tests.Unit.Playground.Make.Configuration.Model.AttributesTest" assertions="3" time="0.023253"/>
        <testcase name="test_addCast_with_invalid_cast_value_and_treat_as_string" file="/app/tests/Unit/Configuration/Model/AttributesTest.php" line="95" class="Tests\Unit\Playground\Make\Configuration\Model\AttributesTest" classname="Tests.Unit.Playground.Make.Configuration.Model.AttributesTest" assertions="3" time="0.023159"/>
        <testcase name="test_addFillable_with_invalid_column" file="/app/tests/Unit/Configuration/Model/AttributesTest.php" line="112" class="Tests\Unit\Playground\Make\Configuration\Model\AttributesTest" classname="Tests.Unit.Playground.Make.Configuration.Model.AttributesTest" assertions="3" time="0.024123"/>
      </testsuite>
      <testsuite name="Tests\Unit\Playground\Make\Configuration\Model\Create\InstanceTest" file="/app/tests/Unit/Configuration/Model/Create/InstanceTest.php" tests="3" assertions="8" errors="0" failures="0" skipped="0" time="0.100318">
        <testcase name="test_instance" file="/app/tests/Unit/Configuration/Model/Create/InstanceTest.php" line="21" class="Tests\Unit\Playground\Make\Configuration\Model\Create\InstanceTest" classname="Tests.Unit.Playground.Make.Configuration.Model.Create.InstanceTest" assertions="1" time="0.054341"/>
        <testcase name="test_model_with_file_jsonSerialize" file="/app/tests/Unit/Configuration/Model/Create/InstanceTest.php" line="43" class="Tests\Unit\Playground\Make\Configuration\Model\Create\InstanceTest" classname="Tests.Unit.Playground.Make.Configuration.Model.Create.InstanceTest" assertions="4" time="0.022405"/>
        <testcase name="test_setOptions_unsupported_primary_and_log_message" file="/app/tests/Unit/Configuration/Model/Create/InstanceTest.php" line="74" class="Tests\Unit\Playground\Make\Configuration\Model\Create\InstanceTest" classname="Tests.Unit.Playground.Make.Configuration.Model.Create.InstanceTest" assertions="3" time="0.023572"/>
      </testsuite>
      <testsuite name="Tests\Unit\Playground\Make\Configuration\Model\CreateColumn\InstanceTest" file="/app/tests/Unit/Configuration/Model/CreateColumn/InstanceTest.php" tests="12" assertions="32" errors="0" failures="0" skipped="0" time="0.390664">
        <testcase name="test_instance" file="/app/tests/Unit/Configuration/Model/CreateColumn/InstanceTest.php" line="21" class="Tests\Unit\Playground\Make\Configuration\Model\CreateColumn\InstanceTest" classname="Tests.Unit.Playground.Make.Configuration.Model.CreateColumn.InstanceTest" assertions="1" time="0.086581"/>
        <testcase name="test_model_with_file" file="/app/tests/Unit/Configuration/Model/CreateColumn/InstanceTest.php" line="48" class="Tests\Unit\Playground\Make\Configuration\Model\CreateColumn\InstanceTest" classname="Tests.Unit.Playground.Make.Configuration.Model.CreateColumn.InstanceTest" assertions="1" time="0.062836"/>
        <testcase name="test_setOptions_unsupported_primary_and_ignore" file="/app/tests/Unit/Configuration/Model/CreateColumn/InstanceTest.php" line="59" class="Tests\Unit\Playground\Make\Configuration\Model\CreateColumn\InstanceTest" classname="Tests.Unit.Playground.Make.Configuration.Model.CreateColumn.InstanceTest" assertions="3" time="0.022573"/>
        <testcase name="test_addId_with_empty_column" file="/app/tests/Unit/Configuration/Model/CreateColumn/InstanceTest.php" line="91" class="Tests\Unit\Playground\Make\Configuration\Model\CreateColumn\InstanceTest" classname="Tests.Unit.Playground.Make.Configuration.Model.CreateColumn.InstanceTest" assertions="3" time="0.022675"/>
        <testcase name="test_addUnique_with_empty_column" file="/app/tests/Unit/Configuration/Model/CreateColumn/InstanceTest.php" line="107" class="Tests\Unit\Playground\Make\Configuration\Model\CreateColumn\InstanceTest" classname="Tests.Unit.Playground.Make.Configuration.Model.CreateColumn.InstanceTest" assertions="3" time="0.022787"/>
        <testcase name="test_addDate_with_empty_column" file="/app/tests/Unit/Configuration/Model/CreateColumn/InstanceTest.php" line="123" class="Tests\Unit\Playground\Make\Configuration\Model\CreateColumn\InstanceTest" classname="Tests.Unit.Playground.Make.Configuration.Model.CreateColumn.InstanceTest" assertions="3" time="0.025238"/>
        <testcase name="test_addFlag_with_empty_column" file="/app/tests/Unit/Configuration/Model/CreateColumn/InstanceTest.php" line="139" class="Tests\Unit\Playground\Make\Configuration\Model\CreateColumn\InstanceTest" classname="Tests.Unit.Playground.Make.Configuration.Model.CreateColumn.InstanceTest" assertions="3" time="0.024536"/>
        <testcase name="test_addColumn_with_empty_column" file="/app/tests/Unit/Configuration/Model/CreateColumn/InstanceTest.php" line="155" class="Tests\Unit\Playground\Make\Configuration\Model\CreateColumn\InstanceTest" classname="Tests.Unit.Playground.Make.Configuration.Model.CreateColumn.InstanceTest" assertions="3" time="0.023759"/>
        <testcase name="test_addPermission_with_empty_column" file="/app/tests/Unit/Configuration/Model/CreateColumn/InstanceTest.php" line="171" class="Tests\Unit\Playground\Make\Configuration\Model\CreateColumn\InstanceTest" classname="Tests.Unit.Playground.Make.Configuration.Model.CreateColumn.InstanceTest" assertions="3" time="0.024018"/>
        <testcase name="test_addStatus_with_empty_column" file="/app/tests/Unit/Configuration/Model/CreateColumn/InstanceTest.php" line="187" class="Tests\Unit\Playground\Make\Configuration\Model\CreateColumn\InstanceTest" classname="Tests.Unit.Playground.Make.Configuration.Model.CreateColumn.InstanceTest" assertions="3" time="0.026515"/>
        <testcase name="test_addUi_with_empty_column" file="/app/tests/Unit/Configuration/Model/CreateColumn/InstanceTest.php" line="203" class="Tests\Unit\Playground\Make\Configuration\Model\CreateColumn\InstanceTest" classname="Tests.Unit.Playground.Make.Configuration.Model.CreateColumn.InstanceTest" assertions="3" time="0.024492"/>
        <testcase name="test_addJson_with_empty_column" file="/app/tests/Unit/Configuration/Model/CreateColumn/InstanceTest.php" line="219" class="Tests\Unit\Playground\Make\Configuration\Model\CreateColumn\InstanceTest" classname="Tests.Unit.Playground.Make.Configuration.Model.CreateColumn.InstanceTest" assertions="3" time="0.024655"/>
      </testsuite>
      <testsuite name="Tests\Unit\Playground\Make\Configuration\Model\Filter\InstanceTest" file="/app/tests/Unit/Configuration/Model/Filter/InstanceTest.php" tests="2" assertions="2" errors="0" failures="0" skipped="0" time="0.134910">
        <testcase name="test_instance" file="/app/tests/Unit/Configuration/Model/Filter/InstanceTest.php" line="19" class="Tests\Unit\Playground\Make\Configuration\Model\Filter\InstanceTest" classname="Tests.Unit.Playground.Make.Configuration.Model.Filter.InstanceTest" assertions="1" time="0.035492"/>
        <testcase name="test_instance_apply_without_options" file="/app/tests/Unit/Configuration/Model/Filter/InstanceTest.php" line="26" class="Tests\Unit\Playground\Make\Configuration\Model\Filter\InstanceTest" classname="Tests.Unit.Playground.Make.Configuration.Model.Filter.InstanceTest" assertions="1" time="0.099418"/>
      </testsuite>
      <testsuite name="Tests\Unit\Playground\Make\Configuration\Model\Filters\InstanceTest" file="/app/tests/Unit/Configuration/Model/Filters/InstanceTest.php" tests="13" assertions="37" errors="0" failures="0" skipped="0" time="0.319608">
        <testcase name="test_instance" file="/app/tests/Unit/Configuration/Model/Filters/InstanceTest.php" line="20" class="Tests\Unit\Playground\Make\Configuration\Model\Filters\InstanceTest" classname="Tests.Unit.Playground.Make.Configuration.Model.Filters.InstanceTest" assertions="1" time="0.022111"/>
        <testcase name="test_instance_apply_without_options" file="/app/tests/Unit/Configuration/Model/Filters/InstanceTest.php" line="48" class="Tests\Unit\Playground\Make\Configuration\Model\Filters\InstanceTest" classname="Tests.Unit.Playground.Make.Configuration.Model.Filters.InstanceTest" assertions="4" time="0.022160"/>
        <testcase name="test_model_with_file" file="/app/tests/Unit/Configuration/Model/Filters/InstanceTest.php" line="65" class="Tests\Unit\Playground\Make\Configuration\Model\Filters\InstanceTest" classname="Tests.Unit.Playground.Make.Configuration.Model.Filters.InstanceTest" assertions="4" time="0.026800"/>
        <testcase name="test_setOptions_with_builder_in_options" file="/app/tests/Unit/Configuration/Model/Filters/InstanceTest.php" line="92" class="Tests\Unit\Playground\Make\Configuration\Model\Filters\InstanceTest" classname="Tests.Unit.Playground.Make.Configuration.Model.Filters.InstanceTest" assertions="1" time="0.023228"/>
        <testcase name="test_addId_with_empty_meta" file="/app/tests/Unit/Configuration/Model/Filters/InstanceTest.php" line="101" class="Tests\Unit\Playground\Make\Configuration\Model\Filters\InstanceTest" classname="Tests.Unit.Playground.Make.Configuration.Model.Filters.InstanceTest" assertions="3" time="0.025013"/>
        <testcase name="test_addDate_with_empty_meta" file="/app/tests/Unit/Configuration/Model/Filters/InstanceTest.php" line="117" class="Tests\Unit\Playground\Make\Configuration\Model\Filters\InstanceTest" classname="Tests.Unit.Playground.Make.Configuration.Model.Filters.InstanceTest" assertions="3" time="0.024015"/>
        <testcase name="test_addFlag_with_empty_meta" file="/app/tests/Unit/Configuration/Model/Filters/InstanceTest.php" line="133" class="Tests\Unit\Playground\Make\Configuration\Model\Filters\InstanceTest" classname="Tests.Unit.Playground.Make.Configuration.Model.Filters.InstanceTest" assertions="3" time="0.024039"/>
        <testcase name="test_handleTrash_with_empty_meta" file="/app/tests/Unit/Configuration/Model/Filters/InstanceTest.php" line="149" class="Tests\Unit\Playground\Make\Configuration\Model\Filters\InstanceTest" classname="Tests.Unit.Playground.Make.Configuration.Model.Filters.InstanceTest" assertions="3" time="0.024110"/>
        <testcase name="test_addColumn_with_empty_meta" file="/app/tests/Unit/Configuration/Model/Filters/InstanceTest.php" line="162" class="Tests\Unit\Playground\Make\Configuration\Model\Filters\InstanceTest" classname="Tests.Unit.Playground.Make.Configuration.Model.Filters.InstanceTest" assertions="3" time="0.027116"/>
        <testcase name="test_addPermission_with_empty_meta" file="/app/tests/Unit/Configuration/Model/Filters/InstanceTest.php" line="178" class="Tests\Unit\Playground\Make\Configuration\Model\Filters\InstanceTest" classname="Tests.Unit.Playground.Make.Configuration.Model.Filters.InstanceTest" assertions="3" time="0.024589"/>
        <testcase name="test_addStatus_with_empty_meta" file="/app/tests/Unit/Configuration/Model/Filters/InstanceTest.php" line="194" class="Tests\Unit\Playground\Make\Configuration\Model\Filters\InstanceTest" classname="Tests.Unit.Playground.Make.Configuration.Model.Filters.InstanceTest" assertions="3" time="0.024709"/>
        <testcase name="test_addUi_with_empty_meta" file="/app/tests/Unit/Configuration/Model/Filters/InstanceTest.php" line="210" class="Tests\Unit\Playground\Make\Configuration\Model\Filters\InstanceTest" classname="Tests.Unit.Playground.Make.Configuration.Model.Filters.InstanceTest" assertions="3" time="0.024951"/>
        <testcase name="test_addJson_with_empty_meta" file="/app/tests/Unit/Configuration/Model/Filters/InstanceTest.php" line="226" class="Tests\Unit\Playground\Make\Configuration\Model\Filters\InstanceTest" classname="Tests.Unit.Playground.Make.Configuration.Model.Filters.InstanceTest" assertions="3" time="0.026766"/>
      </testsuite>
      <testsuite name="Tests\Unit\Playground\Make\Configuration\Model\InstanceTest" file="/app/tests/Unit/Configuration/Model/InstanceTest.php" tests="4" assertions="28" errors="0" failures="0" skipped="0" time="0.160431">
        <testcase name="test_instance" file="/app/tests/Unit/Configuration/Model/InstanceTest.php" line="36" class="Tests\Unit\Playground\Make\Configuration\Model\InstanceTest" classname="Tests.Unit.Playground.Make.Configuration.Model.InstanceTest" assertions="1" time="0.059516"/>
        <testcase name="test_instance_apply_without_options" file="/app/tests/Unit/Configuration/Model/InstanceTest.php" line="105" class="Tests\Unit\Playground\Make\Configuration\Model\InstanceTest" classname="Tests.Unit.Playground.Make.Configuration.Model.InstanceTest" assertions="4" time="0.024239"/>
        <testcase name="test_folder_is_empty_by_default" file="/app/tests/Unit/Configuration/Model/InstanceTest.php" line="122" class="Tests\Unit\Playground\Make\Configuration\Model\InstanceTest" classname="Tests.Unit.Playground.Make.Configuration.Model.InstanceTest" assertions="3" time="0.025653"/>
        <testcase name="test_model_with_file_and_skeleton" file="/app/tests/Unit/Configuration/Model/InstanceTest.php" line="132" class="Tests\Unit\Playground\Make\Configuration\Model\InstanceTest" classname="Tests.Unit.Playground.Make.Configuration.Model.InstanceTest" assertions="20" time="0.051023"/>
      </testsuite>
      <testsuite name="Tests\Unit\Playground\Make\Configuration\Model\RelationshipsTest" file="/app/tests/Unit/Configuration/Model/RelationshipsTest.php" tests="4" assertions="12" errors="0" failures="0" skipped="0" time="0.092715">
        <testcase name="test_addRelationships_for_HasOne_with_invalid_accessor" file="/app/tests/Unit/Configuration/Model/RelationshipsTest.php" line="22" class="Tests\Unit\Playground\Make\Configuration\Model\RelationshipsTest" classname="Tests.Unit.Playground.Make.Configuration.Model.RelationshipsTest" assertions="3" time="0.023056"/>
        <testcase name="test_addRelationships_for_HasMany_with_invalid_accessor" file="/app/tests/Unit/Configuration/Model/RelationshipsTest.php" line="48" class="Tests\Unit\Playground\Make\Configuration\Model\RelationshipsTest" classname="Tests.Unit.Playground.Make.Configuration.Model.RelationshipsTest" assertions="3" time="0.023142"/>
        <testcase name="test_addHasOne_without_meta" file="/app/tests/Unit/Configuration/Model/RelationshipsTest.php" line="77" class="Tests\Unit\Playground\Make\Configuration\Model\RelationshipsTest" classname="Tests.Unit.Playground.Make.Configuration.Model.RelationshipsTest" assertions="3" time="0.023147"/>
        <testcase name="test_addHasMany_without_meta" file="/app/tests/Unit/Configuration/Model/RelationshipsTest.php" line="92" class="Tests\Unit\Playground\Make\Configuration\Model\RelationshipsTest" classname="Tests.Unit.Playground.Make.Configuration.Model.RelationshipsTest" assertions="3" time="0.023369"/>
      </testsuite>
      <testsuite name="Tests\Unit\Playground\Make\Configuration\Model\ScopesTest" file="/app/tests/Unit/Configuration/Model/ScopesTest.php" tests="4" assertions="15" errors="0" failures="0" skipped="0" time="0.093182">
        <testcase name="test_addScopes_with_sort" file="/app/tests/Unit/Configuration/Model/ScopesTest.php" line="24" class="Tests\Unit\Playground\Make\Configuration\Model\ScopesTest" classname="Tests.Unit.Playground.Make.Configuration.Model.ScopesTest" assertions="3" time="0.022279"/>
        <testcase name="test_addScope_with_invalid_scope" file="/app/tests/Unit/Configuration/Model/ScopesTest.php" line="47" class="Tests\Unit\Playground\Make\Configuration\Model\ScopesTest" classname="Tests.Unit.Playground.Make.Configuration.Model.ScopesTest" assertions="4" time="0.022845"/>
        <testcase name="test_addScope_for_sort_without_meta" file="/app/tests/Unit/Configuration/Model/ScopesTest.php" line="66" class="Tests\Unit\Playground\Make\Configuration\Model\ScopesTest" classname="Tests.Unit.Playground.Make.Configuration.Model.ScopesTest" assertions="3" time="0.022752"/>
        <testcase name="test_addScope_unsupported_scope_and_ignore" file="/app/tests/Unit/Configuration/Model/ScopesTest.php" line="81" class="Tests\Unit\Playground\Make\Configuration\Model\ScopesTest" classname="Tests.Unit.Playground.Make.Configuration.Model.ScopesTest" assertions="5" time="0.025306"/>
      </testsuite>
      <testsuite name="Tests\Unit\Playground\Make\Configuration\Model\SortingTest" file="/app/tests/Unit/Configuration/Model/SortingTest.php" tests="3" assertions="10" errors="0" failures="0" skipped="0" time="0.070236">
        <testcase name="test_addSortable_without_column" file="/app/tests/Unit/Configuration/Model/SortingTest.php" line="22" class="Tests\Unit\Playground\Make\Configuration\Model\SortingTest" classname="Tests.Unit.Playground.Make.Configuration.Model.SortingTest" assertions="4" time="0.022806"/>
        <testcase name="test_addSortable_with_index" file="/app/tests/Unit/Configuration/Model/SortingTest.php" line="41" class="Tests\Unit\Playground\Make\Configuration\Model\SortingTest" classname="Tests.Unit.Playground.Make.Configuration.Model.SortingTest" assertions="3" time="0.022721"/>
        <testcase name="test_addSortable_without_index" file="/app/tests/Unit/Configuration/Model/SortingTest.php" line="58" class="Tests\Unit\Playground\Make\Configuration\Model\SortingTest" classname="Tests.Unit.Playground.Make.Configuration.Model.SortingTest" assertions="3" time="0.024709"/>
      </testsuite>
      <testsuite name="Tests\Unit\Playground\Make\Configuration\PrimaryConfiguration\InstanceTest" file="/app/tests/Unit/Configuration/PrimaryConfiguration/InstanceTest.php" tests="5" assertions="15" errors="0" failures="0" skipped="0" time="0.110149">
        <testcase name="test_instance" file="/app/tests/Unit/Configuration/PrimaryConfiguration/InstanceTest.php" line="22" class="Tests\Unit\Playground\Make\Configuration\PrimaryConfiguration\InstanceTest" classname="Tests.Unit.Playground.Make.Configuration.PrimaryConfiguration.InstanceTest" assertions="1" time="0.021163"/>
        <testcase name="test_instance_apply_without_options" file="/app/tests/Unit/Configuration/PrimaryConfiguration/InstanceTest.php" line="53" class="Tests\Unit\Playground\Make\Configuration\PrimaryConfiguration\InstanceTest" classname="Tests.Unit.Playground.Make.Configuration.PrimaryConfiguration.InstanceTest" assertions="4" time="0.021965"/>
        <testcase name="test_folder_is_empty_by_default" file="/app/tests/Unit/Configuration/PrimaryConfiguration/InstanceTest.php" line="70" class="Tests\Unit\Playground\Make\Configuration\PrimaryConfiguration\InstanceTest" classname="Tests.Unit.Playground.Make.Configuration.PrimaryConfiguration.InstanceTest" assertions="3" time="0.022115"/>
        <testcase name="test_folder_with_empty_setFolder" file="/app/tests/Unit/Configuration/PrimaryConfiguration/InstanceTest.php" line="80" class="Tests\Unit\Playground\Make\Configuration\PrimaryConfiguration\InstanceTest" classname="Tests.Unit.Playground.Make.Configuration.PrimaryConfiguration.InstanceTest" assertions="3" time="0.022242"/>
        <testcase name="test_folder_with_path_for_setFolder" file="/app/tests/Unit/Configuration/PrimaryConfiguration/InstanceTest.php" line="90" class="Tests\Unit\Playground\Make\Configuration\PrimaryConfiguration\InstanceTest" classname="Tests.Unit.Playground.Make.Configuration.PrimaryConfiguration.InstanceTest" assertions="4" time="0.022663"/>
      </testsuite>
      <testsuite name="Tests\Unit\Playground\Make\Configuration\PrimaryConfiguration\PropertiesTest" file="/app/tests/Unit/Configuration/PrimaryConfiguration/PropertiesTest.php" tests="3" assertions="41" errors="0" failures="0" skipped="0" time="0.067021">
        <testcase name="test_properties" file="/app/tests/Unit/Configuration/PrimaryConfiguration/PropertiesTest.php" line="43" class="Tests\Unit\Playground\Make\Configuration\PrimaryConfiguration\PropertiesTest" classname="Tests.Unit.Playground.Make.Configuration.PrimaryConfiguration.PropertiesTest" assertions="5" time="0.021542"/>
        <testcase name="test_properties_with_all_options_without_apply" file="/app/tests/Unit/Configuration/PrimaryConfiguration/PropertiesTest.php" line="64" class="Tests\Unit\Playground\Make\Configuration\PrimaryConfiguration\PropertiesTest" classname="Tests.Unit.Playground.Make.Configuration.PrimaryConfiguration.PropertiesTest" assertions="17" time="0.022699"/>
        <testcase name="test_properties_with_all_options_with_apply" file="/app/tests/Unit/Configuration/PrimaryConfiguration/PropertiesTest.php" line="115" class="Tests\Unit\Playground\Make\Configuration\PrimaryConfiguration\PropertiesTest" classname="Tests.Unit.Playground.Make.Configuration.PrimaryConfiguration.PropertiesTest" assertions="19" time="0.022780"/>
      </testsuite>
      <testsuite name="Tests\Unit\Playground\Make\Configuration\PrimaryConfiguration\SkeletonTest" file="/app/tests/Unit/Configuration/PrimaryConfiguration/SkeletonTest.php" tests="7" assertions="10" errors="0" failures="0" skipped="0" time="0.159450">
        <testcase name="test_skeleton" file="/app/tests/Unit/Configuration/PrimaryConfiguration/SkeletonTest.php" line="19" class="Tests\Unit\Playground\Make\Configuration\PrimaryConfiguration\SkeletonTest" classname="Tests.Unit.Playground.Make.Configuration.PrimaryConfiguration.SkeletonTest" assertions="2" time="0.021391"/>
        <testcase name="test_skeleton_withSkeleton" file="/app/tests/Unit/Configuration/PrimaryConfiguration/SkeletonTest.php" line="28" class="Tests\Unit\Playground\Make\Configuration\PrimaryConfiguration\SkeletonTest" classname="Tests.Unit.Playground.Make.Configuration.PrimaryConfiguration.SkeletonTest" assertions="2" time="0.021619"/>
        <testcase name="test_skeleton_option_as_false" file="/app/tests/Unit/Configuration/PrimaryConfiguration/SkeletonTest.php" line="39" class="Tests\Unit\Playground\Make\Configuration\PrimaryConfiguration\SkeletonTest" classname="Tests.Unit.Playground.Make.Configuration.PrimaryConfiguration.SkeletonTest" assertions="1" time="0.022127"/>
        <testcase name="test_skeleton_option_as_true" file="/app/tests/Unit/Configuration/PrimaryConfiguration/SkeletonTest.php" line="50" class="Tests\Unit\Playground\Make\Configuration\PrimaryConfiguration\SkeletonTest" classname="Tests.Unit.Playground.Make.Configuration.PrimaryConfiguration.SkeletonTest" assertions="1" time="0.025189"/>
        <testcase name="test_skeleton_parameter_as_true" file="/app/tests/Unit/Configuration/PrimaryConfiguration/SkeletonTest.php" line="61" class="Tests\Unit\Playground\Make\Configuration\PrimaryConfiguration\SkeletonTest" classname="Tests.Unit.Playground.Make.Configuration.PrimaryConfiguration.SkeletonTest" assertions="1" time="0.022813"/>
        <testcase name="test_skeleton_parameter_as_false_overrules_option" file="/app/tests/Unit/Configuration/PrimaryConfiguration/SkeletonTest.php" line="70" class="Tests\Unit\Playground\Make\Configuration\PrimaryConfiguration\SkeletonTest" classname="Tests.Unit.Playground.Make.Configuration.PrimaryConfiguration.SkeletonTest" assertions="1" time="0.022955"/>
        <testcase name="test_skeleton_parameter_as_true_overrules_option" file="/app/tests/Unit/Configuration/PrimaryConfiguration/SkeletonTest.php" line="81" class="Tests\Unit\Playground\Make\Configuration\PrimaryConfiguration\SkeletonTest" classname="Tests.Unit.Playground.Make.Configuration.PrimaryConfiguration.SkeletonTest" assertions="2" time="0.023356"/>
      </testsuite>
    </testsuite>
    <testsuite name="Feature" tests="1" assertions="2" errors="0" failures="0" skipped="0" time="0.159995">
      <testsuite name="Tests\Feature\Playground\Make\Console\Commands\About\CommandTest" file="/app/tests/Feature/Console/Commands/About/CommandTest.php" tests="1" assertions="2" errors="0" failures="0" skipped="0" time="0.159995">
        <testcase name="test_command_about_displays_package_information_and_succeed_with_code_0" file="/app/tests/Feature/Console/Commands/About/CommandTest.php" line="26" class="Tests\Feature\Playground\Make\Console\Commands\About\CommandTest" classname="Tests.Feature.Playground.Make.Console.Commands.About.CommandTest" assertions="2" time="0.159995"/>
      </testsuite>
    </testsuite>
  </testsuite>
</testsuites>
